Aradu|XP_015958196.1	AT5G19485.1	73.97	461	114	3	3	461	1	457	0.0	661
Aradu|XP_015958196.1	AT4G18300.1	22.20	473	272	14	5	451	24	426	7e-019	89.4
Aradu|XP_015958196.1	AT2G34970.1	29.30	157	82	4	318	451	285	435	7e-013	70.5
Aradu|XP_015958196.1	AT2G34970.1	24.71	259	161	8	5	244	25	268	2e-009	59.3
Aradu|XP_015958196.1	AT3G02270.1	28.13	160	86	5	315	451	264	417	7e-011	64.3
Aradu|XP_015958196.1	AT3G02270.1	31.82	132	79	5	5	129	25	152	6e-009	58.2
Aradu|XP_015958196.1	AT3G02270.1	36.49	74	46	1	388	460	330	403	0.001	40.8
Aradu|XP_015958196.1	AT2G04650.1	20.60	432	246	17	8	421	9	361	1e-007	53.1
Aradu|XP_015958196.1	AT3G55590.1	20.18	456	246	17	5	437	1	361	2e-006	49.3
Aradu|XP_015958196.1	AT1G74910.1	21.73	428	248	16	8	419	12	368	1e-004	43.9
Aradu|XP_015958196.1	AT2G39770.1	23.56	174	113	8	5	165	1	167	1e-004	43.5
Aradu|XP_015958196.1	AT2G39770.1	25.23	107	75	1	351	457	254	355	0.36	32.7
Aradu|XP_015958196.1	AT5G48300.1	22.67	472	276	20	14	446	99	520	0.001	40.8
Aradu|XP_015958196.1	AT4G29540.2	25.00	88	60	2	353	439	46	128	0.027	36.2
Aradu|XP_015958196.1	AT4G29540.2	25.90	139	66	6	339	450	102	230	0.22	33.5
Aradu|XP_015958196.1	AT1G18590.1	29.33	75	48	2	232	304	239	310	0.15	33.9
Aradu|XP_015958196.1	AT4G35640.1	29.29	99	50	4	354	450	208	288	0.33	33.1
Aradu|XP_015958196.1	AT1G05610.1	25.52	145	89	5	8	136	58	199	0.50	32.3
Aradu|XP_015958196.1	AT1G05610.1	34.62	26	17	0	378	403	416	441	3.8	29.6
Aradu|XP_015958196.1	AT5G19220.1	20.23	435	270	17	8	404	93	488	0.59	32.3
Aradu|XP_015958196.1	AT5G19220.1	19.31	145	99	7	316	447	347	486	1.2	31.2
Aradu|XP_015958196.1	AT4G39210.1	23.00	100	57	4	318	407	348	437	3.5	29.6
Aradu|XP_015958196.1	AT5G04540.1	22.22	189	117	8	108	276	127	305	3.6	30.0
Aradu|XP_015958196.1	AT3G19170.1	31.58	57	33	2	62	112	790	846	4.8	29.6
Aradu|XP_015958196.1	AT4G25515.1	32.31	65	38	2	274	332	592	656	6.9	28.9
Aradu|XP_015958196.1	AT1G50240.2	41.38	29	17	0	131	159	651	679	7.1	28.9
Car|XP_004504330.1	AT5G19485.1	71.09	460	128	2	1	459	1	456	0.0	639
Car|XP_004504330.1	AT4G18300.1	28.26	184	102	5	290	450	250	426	1e-012	70.1
Car|XP_004504330.1	AT2G34970.1	27.45	153	94	4	315	450	283	435	3e-012	68.6
Car|XP_004504330.1	AT2G34970.1	25.52	192	111	7	3	177	25	201	1e-008	57.0
Car|XP_004504330.1	AT3G02270.1	28.13	160	86	5	314	450	264	417	1e-010	63.2
Car|XP_004504330.1	AT3G02270.1	28.79	132	83	5	3	127	25	152	7e-007	51.6
Car|XP_004504330.1	AT3G55590.1	27.07	133	89	4	3	129	1	131	3e-006	48.9
Car|XP_004504330.1	AT3G55590.1	28.57	84	47	4	350	426	257	334	0.56	32.3
Car|XP_004504330.1	AT2G04650.1	20.60	432	247	19	6	420	9	361	5e-005	45.1
Car|XP_004504330.1	AT2G39770.1	23.13	134	90	6	3	129	1	128	6e-004	41.6
Car|XP_004504330.1	AT2G39770.1	25.23	107	75	1	350	456	254	355	0.18	33.9
Car|XP_004504330.1	AT1G74910.1	22.27	431	245	21	6	419	12	369	0.002	40.0
Car|XP_004504330.1	AT5G19220.1	20.74	434	270	18	6	403	93	488	0.006	38.9
Car|XP_004504330.1	AT4G29540.2	25.00	88	60	2	352	438	46	128	0.049	35.4
Car|XP_004504330.1	AT4G29540.2	25.87	143	67	7	334	449	100	230	2.4	30.0
Car|XP_004504330.1	AT5G48300.1	22.84	429	253	18	12	403	99	486	0.056	35.4
Car|XP_004504330.1	AT1G60950.1	36.84	38	24	0	412	449	94	131	0.16	33.1
Car|XP_004504330.1	AT1G05610.1	26.03	146	87	7	6	134	58	199	1.1	31.6
Car|XP_004504330.1	AT1G05610.1	34.62	26	17	0	377	402	416	441	3.9	29.6
Car|XP_004504330.1	AT4G39210.1	19.87	151	99	6	317	452	348	491	1.1	31.6
Car|XP_004504330.1	AT4G30570.1	19.30	114	83	4	24	131	1	111	1.3	31.2
Car|XP_004504330.1	AT1G50240.2	41.38	29	17	0	129	157	651	679	1.3	31.6
Car|XP_004504330.1	AT3G53550.1	29.09	55	36	1	91	142	13	67	3.2	29.6
Car|XP_004504330.1	AT4G35640.1	29.29	99	50	5	353	449	208	288	5.1	29.3
Car|XP_004504330.1	AT3G21290.1	43.48	46	22	1	18	63	862	903	5.6	29.3
Car|XP_004504330.1	AT1G10960.1	31.43	35	24	0	412	446	94	128	8.3	27.7
Lja|Lj4g3v2603960.1	AT5G19485.1	72.15	456	120	2	1	455	1	450	0.0	642
Lja|Lj4g3v2603960.1	AT4G18300.1	30.52	154	84	4	316	453	273	419	5e-012	67.8
Lja|Lj4g3v2603960.1	AT4G18300.1	22.44	254	164	8	3	242	24	258	3e-005	46.2
Lja|Lj4g3v2603960.1	AT2G34970.1	29.49	156	81	4	319	451	285	434	2e-011	65.9
Lja|Lj4g3v2603960.1	AT2G34970.1	25.52	192	111	7	3	177	25	201	1e-008	57.0
Lja|Lj4g3v2603960.1	AT3G02270.1	27.27	154	89	4	316	453	264	410	2e-009	59.3
Lja|Lj4g3v2603960.1	AT3G02270.1	27.27	132	85	5	3	127	25	152	3e-006	49.3
Lja|Lj4g3v2603960.1	AT2G04650.1	21.02	433	247	17	5	422	9	361	2e-007	52.8
Lja|Lj4g3v2603960.1	AT3G55590.1	23.64	258	151	10	3	254	1	218	6e-007	50.8
Lja|Lj4g3v2603960.1	AT3G55590.1	23.81	105	62	2	352	438	257	361	0.029	36.2
Lja|Lj4g3v2603960.1	AT2G39770.1	22.70	141	98	5	3	137	1	136	8e-004	41.2
Lja|Lj4g3v2603960.1	AT2G39770.1	28.77	73	52	0	352	424	254	326	0.020	37.0
Lja|Lj4g3v2603960.1	AT1G74910.1	26.76	142	89	6	5	137	12	147	0.001	40.8
Lja|Lj4g3v2603960.1	AT4G39210.1	21.85	151	96	6	319	454	348	491	0.032	36.2
Lja|Lj4g3v2603960.1	AT4G39210.1	19.64	443	264	23	6	404	92	486	6.2	28.9
Lja|Lj4g3v2603960.1	AT4G30570.1	20.83	120	86	4	24	137	1	117	0.055	35.4
Lja|Lj4g3v2603960.1	AT4G25515.1	33.85	65	40	2	272	333	592	656	0.23	33.9
Lja|Lj4g3v2603960.1	AT1G70390.1	26.67	165	95	8	163	322	6	149	0.23	33.5
Lja|Lj4g3v2603960.1	AT5G48300.1	48.15	27	14	0	379	405	460	486	0.26	33.5
Lja|Lj4g3v2603960.1	AT4G29540.2	24.14	87	60	2	355	440	47	128	0.51	32.3
Lja|Lj4g3v2603960.1	AT4G29540.2	25.36	138	66	6	341	451	103	230	1.8	30.4
Lja|Lj4g3v2603960.1	AT2G21590.1	23.71	97	60	3	319	408	350	439	0.61	32.3
Lja|Lj4g3v2603960.1	AT5G19220.1	20.18	436	272	19	6	405	93	488	1.6	30.8
Lja|Lj4g3v2603960.1	AT5G19220.1	20.42	142	95	7	319	447	349	485	2.4	30.4
Lja|Lj4g3v2603960.1	AT1G05610.1	38.46	26	16	0	379	404	416	441	2.1	30.4
Lja|Lj4g3v2603960.1	AT1G05610.1	24.83	145	90	5	6	134	58	199	2.4	30.4
Lja|Lj4g3v2603960.1	AT1G50240.2	44.83	29	16	0	129	157	651	679	2.4	30.4
Lja|Lj4g3v2603960.1	AT5G42765.1	28.68	129	72	6	142	254	69	193	2.4	30.0
Lja|Lj4g3v2603960.1	AT5G35330.1	40.54	37	22	0	312	348	151	187	3.2	29.6
Lja|Lj4g3v2603960.1	AT3G21290.1	41.51	53	27	1	11	63	855	903	4.0	29.6
Lja|Lj4g3v2603960.1	AT4G33905.1	26.53	98	68	3	145	242	117	210	4.9	28.9
Lja|Lj4g3v2603960.1	AT1G50770.1	26.16	172	97	7	257	418	433	584	5.4	29.3
Lja|Lj4g3v2603960.1	AT5G57100.1	29.85	67	47	0	217	283	83	149	7.6	28.5
Lja|Lj4g3v2603960.1	AT1G26620.1	27.85	79	50	2	90	161	763	841	8.0	28.9
Lja|Lj4g3v2603960.1	AT3G60350.1	39.53	43	20	2	100	139	121	160	8.5	28.9
Lja|Lj4g3v2603960.1	AT1G60950.1	37.14	35	22	0	414	448	94	128	9.4	27.7
Amt|evm_27.model.AmTr_v1.0_scaffold00101.91	AT5G19485.1	65.28	458	157	2	1	458	1	456	0.0	600
Amt|evm_27.model.AmTr_v1.0_scaffold00101.91	AT4G18300.1	27.81	151	92	3	316	449	276	426	1e-010	63.5
Amt|evm_27.model.AmTr_v1.0_scaffold00101.91	AT4G18300.1	21.64	134	94	4	3	127	24	155	0.002	40.0
Amt|evm_27.model.AmTr_v1.0_scaffold00101.91	AT2G34970.1	27.81	151	92	4	316	449	285	435	3e-010	62.0
Amt|evm_27.model.AmTr_v1.0_scaffold00101.91	AT2G34970.1	22.96	135	93	5	3	129	25	156	1e-004	44.3
Amt|evm_27.model.AmTr_v1.0_scaffold00101.91	AT3G02270.1	36.56	93	52	1	364	449	325	417	1e-008	57.4
Amt|evm_27.model.AmTr_v1.0_scaffold00101.91	AT3G02270.1	25.19	131	89	4	3	127	25	152	8e-004	41.6
Amt|evm_27.model.AmTr_v1.0_scaffold00101.91	AT2G04650.1	27.46	142	87	7	6	137	9	144	7e-005	44.7
Amt|evm_27.model.AmTr_v1.0_scaffold00101.91	AT2G04650.1	20.00	70	39	1	352	421	294	346	4.3	29.3
Amt|evm_27.model.AmTr_v1.0_scaffold00101.91	AT1G74910.1	29.55	132	77	7	6	127	12	137	2e-004	43.5
Amt|evm_27.model.AmTr_v1.0_scaffold00101.91	AT1G74910.1	24.30	107	56	4	352	433	309	415	0.54	32.3
Amt|evm_27.model.AmTr_v1.0_scaffold00101.91	AT3G55590.1	25.00	152	106	4	3	149	1	149	3e-004	42.7
Amt|evm_27.model.AmTr_v1.0_scaffold00101.91	AT3G55590.1	24.74	97	66	3	349	438	257	353	1.0	31.2
Amt|evm_27.model.AmTr_v1.0_scaffold00101.91	AT5G48300.1	21.73	382	224	17	89	444	188	520	0.002	40.0
Amt|evm_27.model.AmTr_v1.0_scaffold00101.91	AT4G30570.1	22.14	131	93	4	24	149	1	127	0.003	39.3
Amt|evm_27.model.AmTr_v1.0_scaffold00101.91	AT4G30570.1	26.03	73	37	1	349	421	235	290	4.9	29.3
Amt|evm_27.model.AmTr_v1.0_scaffold00101.91	AT2G39770.1	22.37	152	107	6	3	149	1	146	0.018	37.0
Amt|evm_27.model.AmTr_v1.0_scaffold00101.91	AT2G39770.1	22.62	84	64	1	349	431	254	337	0.87	31.6
Amt|evm_27.model.AmTr_v1.0_scaffold00101.91	AT4G29540.2	26.14	88	59	2	351	437	46	128	0.024	36.6
Amt|evm_27.model.AmTr_v1.0_scaffold00101.91	AT5G46080.1	22.67	172	114	5	282	444	62	223	0.53	32.3
Amt|evm_27.model.AmTr_v1.0_scaffold00101.91	AT4G35640.1	28.28	99	51	4	352	448	208	288	1.2	31.2
Amt|evm_27.model.AmTr_v1.0_scaffold00101.91	AT3G29260.1	29.58	71	40	2	163	223	46	116	4.0	29.3
Amt|evm_27.model.AmTr_v1.0_scaffold00101.91	AT2G17640.1	24.52	155	77	5	321	448	110	251	4.5	29.3
Amt|evm_27.model.AmTr_v1.0_scaffold00101.91	AT5G06440.4	42.86	35	20	0	181	215	228	262	4.8	29.3
Amt|evm_27.model.AmTr_v1.0_scaffold00101.91	AT1G05610.1	26.03	146	87	8	6	134	58	199	6.0	28.9
Amt|evm_27.model.AmTr_v1.0_scaffold00101.91	AT5G54745.1	23.53	85	47	1	259	343	66	132	9.8	27.7
Mtr|Medtr8g085640.1	AT5G19485.1	70.33	455	130	3	1	454	1	451	0.0	624
Mtr|Medtr8g085640.1	AT4G18300.1	28.99	138	76	3	314	435	273	404	2e-012	68.9
Mtr|Medtr8g085640.1	AT4G18300.1	20.73	246	161	9	3	234	24	249	6e-004	42.0
Mtr|Medtr8g085640.1	AT2G34970.1	25.42	177	92	5	317	459	285	455	4e-011	65.1
Mtr|Medtr8g085640.1	AT2G34970.1	23.11	251	158	9	3	234	25	259	2e-008	56.2
Mtr|Medtr8g085640.1	AT3G02270.1	26.09	138	80	3	314	435	264	395	2e-009	59.7
Mtr|Medtr8g085640.1	AT3G02270.1	29.55	132	82	5	3	127	25	152	8e-008	54.3
Mtr|Medtr8g085640.1	AT2G04650.1	19.77	435	247	19	6	420	9	361	2e-005	46.2
Mtr|Medtr8g085640.1	AT3G55590.1	24.81	133	92	4	3	129	1	131	7e-005	44.7
Mtr|Medtr8g085640.1	AT3G55590.1	24.49	98	56	2	350	429	257	354	0.073	35.0
Mtr|Medtr8g085640.1	AT2G39770.1	26.03	73	54	0	350	422	254	326	0.052	35.4
Mtr|Medtr8g085640.1	AT5G48300.1	23.06	425	251	18	15	403	102	486	0.41	32.7
Mtr|Medtr8g085640.1	AT4G29540.2	25.00	76	51	2	352	426	46	116	0.58	32.3
Mtr|Medtr8g085640.1	AT4G29540.2	25.87	143	67	7	334	449	100	230	1.3	31.2
Mtr|Medtr8g085640.1	AT1G05610.1	23.37	184	117	6	6	168	58	238	0.59	32.3
Mtr|Medtr8g085640.1	AT1G05610.1	34.62	26	17	0	377	402	416	441	3.6	29.6
Mtr|Medtr8g085640.1	AT1G50240.2	40.74	27	16	0	129	155	651	677	2.3	30.8
Mtr|Medtr8g085640.1	AT4G39210.1	19.59	97	64	3	317	406	348	437	3.4	30.0
Mtr|Medtr8g085640.1	AT3G53550.1	27.16	81	46	3	91	158	13	93	3.6	29.6
Mtr|Medtr8g085640.1	AT1G51640.1	38.03	71	35	4	8	71	385	453	6.2	29.3
Mtr|Medtr8g085640.1	AT4G35640.1	28.28	99	51	4	353	449	208	288	7.9	28.5
Mtr|Medtr8g085640.1	AT3G21290.1	43.48	46	22	1	18	63	862	903	8.5	28.9
Araip|XP_016187743.1	AT5G19485.1	73.97	461	114	3	3	461	1	457	0.0	661
Araip|XP_016187743.1	AT4G18300.1	22.20	473	272	14	5	451	24	426	7e-019	89.4
Araip|XP_016187743.1	AT2G34970.1	29.30	157	82	4	318	451	285	435	7e-013	70.5
Araip|XP_016187743.1	AT2G34970.1	24.71	259	161	8	5	244	25	268	2e-009	59.3
Araip|XP_016187743.1	AT3G02270.1	28.13	160	86	5	315	451	264	417	7e-011	64.3
Araip|XP_016187743.1	AT3G02270.1	31.82	132	79	5	5	129	25	152	6e-009	58.2
Araip|XP_016187743.1	AT3G02270.1	36.49	74	46	1	388	460	330	403	0.001	40.8
Araip|XP_016187743.1	AT2G04650.1	20.60	432	246	17	8	421	9	361	1e-007	53.1
Araip|XP_016187743.1	AT3G55590.1	20.18	456	246	17	5	437	1	361	2e-006	49.3
Araip|XP_016187743.1	AT1G74910.1	21.73	428	248	16	8	419	12	368	1e-004	43.9
Araip|XP_016187743.1	AT2G39770.1	23.56	174	113	8	5	165	1	167	1e-004	43.5
Araip|XP_016187743.1	AT2G39770.1	25.23	107	75	1	351	457	254	355	0.36	32.7
Araip|XP_016187743.1	AT5G48300.1	22.67	472	276	20	14	446	99	520	0.001	40.8
Araip|XP_016187743.1	AT4G29540.2	25.00	88	60	2	353	439	46	128	0.027	36.2
Araip|XP_016187743.1	AT4G29540.2	25.90	139	66	6	339	450	102	230	0.22	33.5
Araip|XP_016187743.1	AT1G18590.1	29.33	75	48	2	232	304	239	310	0.15	33.9
Araip|XP_016187743.1	AT4G35640.1	29.29	99	50	4	354	450	208	288	0.33	33.1
Araip|XP_016187743.1	AT1G05610.1	25.52	145	89	5	8	136	58	199	0.50	32.3
Araip|XP_016187743.1	AT1G05610.1	34.62	26	17	0	378	403	416	441	3.8	29.6
Araip|XP_016187743.1	AT5G19220.1	20.23	435	270	17	8	404	93	488	0.59	32.3
Araip|XP_016187743.1	AT5G19220.1	19.31	145	99	7	316	447	347	486	1.2	31.2
Araip|XP_016187743.1	AT4G39210.1	23.00	100	57	4	318	407	348	437	3.5	29.6
Araip|XP_016187743.1	AT5G04540.1	22.22	189	117	8	108	276	127	305	3.6	30.0
Araip|XP_016187743.1	AT3G19170.1	31.58	57	33	2	62	112	790	846	4.8	29.6
Araip|XP_016187743.1	AT4G25515.1	32.31	65	38	2	274	332	592	656	6.9	28.9
Araip|XP_016187743.1	AT1G50240.2	41.38	29	17	0	131	159	651	679	7.1	28.9
Pvu|Phvul.002G235800.1	AT5G19485.1	71.65	462	124	3	1	460	1	457	0.0	641
Pvu|Phvul.002G235800.1	AT4G18300.1	20.97	472	274	15	3	451	24	419	1e-016	82.4
Pvu|Phvul.002G235800.1	AT2G34970.1	28.30	159	85	4	315	450	283	435	5e-012	67.8
Pvu|Phvul.002G235800.1	AT2G34970.1	25.52	192	111	7	3	177	25	201	9e-009	57.4
Pvu|Phvul.002G235800.1	AT3G02270.1	26.88	160	88	5	314	450	264	417	2e-009	59.7
Pvu|Phvul.002G235800.1	AT3G02270.1	29.55	132	82	5	3	127	25	152	5e-008	55.1
Pvu|Phvul.002G235800.1	AT2G04650.1	21.99	432	241	20	6	420	9	361	1e-006	50.4
Pvu|Phvul.002G235800.1	AT3G55590.1	25.00	140	99	3	3	137	1	139	8e-006	47.4
Pvu|Phvul.002G235800.1	AT3G55590.1	25.27	91	54	3	359	436	272	361	0.96	31.6
Pvu|Phvul.002G235800.1	AT1G74910.1	22.78	439	233	20	6	419	12	369	5e-004	42.0
Pvu|Phvul.002G235800.1	AT2G21590.1	23.57	437	252	22	6	402	94	488	0.002	40.4
Pvu|Phvul.002G235800.1	AT2G39770.1	21.28	141	100	5	3	137	1	136	0.005	38.9
Pvu|Phvul.002G235800.1	AT2G39770.1	23.36	107	77	1	350	456	254	355	0.55	32.3
Pvu|Phvul.002G235800.1	AT4G39210.1	21.79	436	261	25	6	402	92	486	0.054	35.8
Pvu|Phvul.002G235800.1	AT4G39210.1	20.27	148	102	5	317	452	348	491	4.6	29.3
Pvu|Phvul.002G235800.1	AT4G29540.2	34.38	32	21	0	352	383	46	77	0.062	35.0
Pvu|Phvul.002G235800.1	AT4G29540.2	27.27	143	65	7	334	449	100	230	1.9	30.4
Pvu|Phvul.002G235800.1	AT5G48300.1	23.08	429	252	21	12	403	99	486	0.073	35.0
Pvu|Phvul.002G235800.1	AT1G60950.1	42.86	35	20	0	412	446	94	128	0.25	32.3
Pvu|Phvul.002G235800.1	AT1G05610.1	25.52	145	89	5	6	134	58	199	0.29	33.1
Pvu|Phvul.002G235800.1	AT1G05610.1	34.62	26	17	0	377	402	416	441	2.9	30.0
Pvu|Phvul.002G235800.1	AT5G19220.1	20.41	147	98	8	317	450	349	489	0.95	31.6
Pvu|Phvul.002G235800.1	AT1G50240.2	44.83	29	16	0	129	157	651	679	1.3	31.6
Pvu|Phvul.002G235800.1	AT4G35640.1	30.30	99	49	5	353	449	208	288	1.4	30.8
Pvu|Phvul.002G235800.1	AT5G07740.1	30.77	91	55	4	65	151	562	648	2.7	30.4
Pvu|Phvul.002G235800.1	AT1G50770.1	24.26	169	102	6	257	416	433	584	3.1	30.0
Pvu|Phvul.002G235800.1	AT4G21220.1	34.29	70	29	2	352	421	100	152	9.5	28.1
Lup|Lup024228.1	AT5G19485.1	70.50	461	131	2	1	460	1	457	0.0	629
Lup|Lup024228.1	AT2G34970.1	29.30	157	82	4	317	450	285	435	5e-012	67.8
Lup|Lup024228.1	AT2G34970.1	26.04	192	110	7	3	177	25	201	3e-009	58.9
Lup|Lup024228.1	AT4G18300.1	29.87	154	91	4	314	450	273	426	1e-011	66.2
Lup|Lup024228.1	AT4G18300.1	23.27	202	135	6	3	195	24	214	2e-006	50.4
Lup|Lup024228.1	AT3G02270.1	27.27	154	95	4	314	450	264	417	1e-009	60.5
Lup|Lup024228.1	AT3G02270.1	30.60	134	78	6	3	127	25	152	6e-009	58.2
Lup|Lup024228.1	AT3G55590.1	24.70	166	117	4	3	163	1	163	1e-007	53.5
Lup|Lup024228.1	AT3G55590.1	23.47	98	57	2	350	429	257	354	0.099	34.7
Lup|Lup024228.1	AT2G04650.1	20.32	433	247	17	6	420	9	361	1e-006	50.1
Lup|Lup024228.1	AT2G39770.1	22.54	173	116	7	3	163	1	167	4e-005	45.4
Lup|Lup024228.1	AT2G39770.1	27.10	107	73	1	350	456	254	355	0.030	36.2
Lup|Lup024228.1	AT5G48300.1	22.90	428	254	18	12	403	99	486	0.008	38.5
Lup|Lup024228.1	AT4G29540.2	27.27	143	65	7	334	449	100	230	0.038	35.8
Lup|Lup024228.1	AT4G29540.2	23.86	88	61	2	352	438	46	128	0.13	34.3
Lup|Lup024228.1	AT3G44340.1	32.00	50	30	1	211	256	558	607	0.55	32.7
Lup|Lup024228.1	AT1G05610.1	23.91	184	116	6	6	168	58	238	0.67	32.0
Lup|Lup024228.1	AT1G05610.1	34.62	26	17	0	377	402	416	441	3.6	29.6
Lup|Lup024228.1	AT1G05610.1	36.96	46	22	1	361	406	352	390	3.6	29.6
Lup|Lup024228.1	AT5G19220.1	18.35	218	157	8	246	450	280	489	0.69	32.0
Lup|Lup024228.1	AT4G39210.1	20.00	115	76	4	299	406	332	437	1.1	31.6
Lup|Lup024228.1	AT4G32640.1	32.00	50	30	1	211	256	555	604	2.5	30.4
Lup|Lup024228.1	AT1G03100.1	28.26	92	51	2	154	230	655	746	2.7	30.4
Lup|Lup024228.1	AT2G21590.1	20.66	121	80	4	293	406	328	439	3.6	29.6
Lup|Lup024228.1	AT1G50240.2	41.38	29	17	0	129	157	651	679	8.5	28.9
Ath|AT5G19485.1	AT5G19485.1	100.00	457	0	0	1	457	1	457	0.0	935
Ath|AT5G19485.1	AT2G34970.1	24.18	455	254	17	3	432	25	413	3e-019	90.1
Ath|AT5G19485.1	AT2G34970.1	37.50	64	32	3	383	445	347	403	0.005	38.9
Ath|AT5G19485.1	AT3G02270.1	22.85	442	244	14	3	425	25	388	6e-016	80.1
Ath|AT5G19485.1	AT3G02270.1	39.68	63	38	0	384	446	330	392	2e-004	43.1
Ath|AT5G19485.1	AT4G18300.1	22.52	444	267	13	3	432	24	404	2e-015	78.6
Ath|AT5G19485.1	AT3G55590.1	25.66	152	105	4	3	149	1	149	1e-007	53.1
Ath|AT5G19485.1	AT3G55590.1	21.36	103	63	2	349	433	259	361	1.6	30.8
Ath|AT5G19485.1	AT2G39770.1	21.33	150	111	4	3	149	1	146	2e-004	43.5
Ath|AT5G19485.1	AT2G39770.1	27.72	101	68	1	349	449	256	351	0.13	34.3
Ath|AT5G19485.1	AT2G04650.1	21.45	429	244	20	6	417	9	361	3e-004	42.7
Ath|AT5G19485.1	AT4G29540.2	28.41	88	57	2	349	435	46	128	0.017	37.0
Ath|AT5G19485.1	AT5G48300.1	30.00	70	39	2	374	442	460	520	0.027	36.6
Ath|AT5G19485.1	AT1G74910.1	21.73	428	248	20	6	416	12	369	0.090	34.7
Ath|AT5G19485.1	AT4G30570.1	17.05	129	102	2	24	149	1	127	0.54	32.3
Ath|AT5G19485.1	AT4G30570.1	27.87	61	44	0	349	409	237	297	8.9	28.5
Ath|AT5G19485.1	AT4G39210.1	21.62	111	71	4	300	403	336	437	0.85	32.0
Ath|AT5G19485.1	AT4G39210.1	22.52	111	60	4	327	414	414	521	6.0	28.9
Ath|AT5G19485.1	AT1G05610.1	38.46	26	16	0	374	399	416	441	1.4	31.2
Ath|AT5G19485.1	AT3G54760.1	29.46	129	80	5	286	407	452	576	1.4	31.2
Ath|AT5G19485.1	AT5G19220.1	19.18	146	89	6	314	435	349	489	1.6	30.8
Ath|AT5G19485.1	AT3G08570.1	35.56	45	24	1	193	237	111	150	3.3	30.0
Ath|AT5G19485.1	AT2G37678.1	24.77	109	65	5	132	226	90	195	7.1	28.5
Ath|AT5G19485.1	AT2G21590.1	22.52	111	60	4	327	414	416	523	7.5	28.9
Ath|AT5G19485.1	AT2G30470.1	38.89	36	21	1	109	144	628	662	7.8	28.9
Gma|Glyma.08G113500.1	AT5G19485.1	69.76	463	131	3	1	460	1	457	0.0	631
Gma|Glyma.08G113500.1	AT4G18300.1	20.92	478	273	15	3	450	24	426	1e-017	85.5
Gma|Glyma.08G113500.1	AT2G34970.1	27.67	159	86	4	315	450	283	435	1e-011	66.2
Gma|Glyma.08G113500.1	AT2G34970.1	23.55	259	164	8	3	242	25	268	5e-009	58.5
Gma|Glyma.08G113500.1	AT3G02270.1	28.13	160	86	5	314	450	264	417	1e-009	60.1
Gma|Glyma.08G113500.1	AT3G02270.1	28.79	132	83	5	3	127	25	152	6e-008	54.7
Gma|Glyma.08G113500.1	AT3G02270.1	37.84	74	45	1	387	459	330	403	0.001	40.8
Gma|Glyma.08G113500.1	AT2G04650.1	20.14	432	249	18	6	420	9	361	2e-006	49.7
Gma|Glyma.08G113500.1	AT3G55590.1	19.25	452	256	17	3	436	1	361	3e-006	49.3
Gma|Glyma.08G113500.1	AT2G21590.1	23.18	440	250	24	6	402	94	488	0.005	38.9
Gma|Glyma.08G113500.1	AT5G48300.1	23.06	425	251	21	15	403	102	486	0.043	35.8
Gma|Glyma.08G113500.1	AT4G29540.2	28.13	64	30	1	352	415	46	93	0.045	35.8
Gma|Glyma.08G113500.1	AT4G29540.2	29.20	113	62	5	341	442	105	210	0.55	32.3
Gma|Glyma.08G113500.1	AT4G39210.1	21.94	474	285	27	6	439	92	520	0.094	35.0
Gma|Glyma.08G113500.1	AT4G39210.1	23.91	92	55	4	369	452	407	491	4.9	29.3
Gma|Glyma.08G113500.1	AT5G19220.1	20.46	435	270	19	6	403	93	488	0.15	34.3
Gma|Glyma.08G113500.1	AT5G19220.1	23.13	147	94	8	317	450	349	489	0.17	33.9
Gma|Glyma.08G113500.1	AT1G74910.1	25.35	142	90	7	6	137	12	147	0.25	33.5
Gma|Glyma.08G113500.1	AT1G74910.1	25.37	67	50	0	353	419	303	369	2.0	30.4
Gma|Glyma.08G113500.1	AT2G39770.1	25.64	117	76	3	340	456	250	355	0.28	33.1
Gma|Glyma.08G113500.1	AT1G05610.1	23.91	184	116	6	6	168	58	238	0.77	32.0
Gma|Glyma.08G113500.1	AT1G05610.1	34.62	26	17	0	377	402	416	441	2.8	30.0
Gma|Glyma.08G113500.1	AT1G05610.1	32.61	46	24	1	361	406	352	390	8.3	28.5
Gma|Glyma.08G113500.1	AT1G50240.2	44.44	27	15	0	129	155	651	677	3.0	30.4
Gma|Glyma.08G113500.1	AT5G07740.1	30.77	91	55	4	65	151	562	648	3.6	30.0
Gma|Glyma.08G113500.1	AT4G30570.1	27.40	73	36	1	350	422	235	290	6.1	28.9
Gma|Glyma.08G113500.1	AT1G60950.1	34.29	35	23	0	412	446	94	128	7.9	27.7
Gma|Glyma.05G155700.1	AT5G19485.1	70.07	461	133	3	1	460	1	457	0.0	632
Gma|Glyma.05G155700.1	AT2G34970.1	22.57	474	278	16	3	450	25	435	1e-013	72.8
Gma|Glyma.05G155700.1	AT4G18300.1	30.52	154	90	4	314	450	273	426	1e-011	66.6
Gma|Glyma.05G155700.1	AT3G02270.1	27.78	162	84	5	314	450	264	417	1e-009	60.1
Gma|Glyma.05G155700.1	AT3G02270.1	28.79	132	83	5	3	127	25	152	1e-007	53.9
Gma|Glyma.05G155700.1	AT3G02270.1	37.84	74	45	1	387	459	330	403	6e-004	42.0
Gma|Glyma.05G155700.1	AT2G04650.1	20.14	432	249	18	6	420	9	361	8e-006	47.8
Gma|Glyma.05G155700.1	AT3G55590.1	24.29	140	100	3	3	137	1	139	2e-005	46.6
Gma|Glyma.05G155700.1	AT3G55590.1	26.32	114	65	6	350	456	257	358	0.70	32.0
Gma|Glyma.05G155700.1	AT1G74910.1	23.60	428	243	21	6	419	12	369	0.010	37.7
Gma|Glyma.05G155700.1	AT4G29540.2	28.13	64	30	1	352	415	46	93	0.038	35.8
Gma|Glyma.05G155700.1	AT4G29540.2	25.87	143	67	7	334	449	100	230	0.94	31.6
Gma|Glyma.05G155700.1	AT2G39770.1	24.30	107	76	1	350	456	254	355	0.26	33.1
Gma|Glyma.05G155700.1	AT1G05610.1	23.91	184	116	6	6	168	58	238	0.28	33.5
Gma|Glyma.05G155700.1	AT1G05610.1	34.62	26	17	0	377	402	416	441	3.0	30.0
Gma|Glyma.05G155700.1	AT1G05610.1	26.67	90	52	3	317	406	315	390	6.8	28.9
Gma|Glyma.05G155700.1	AT5G48300.1	44.44	27	15	0	377	403	460	486	0.33	33.1
Gma|Glyma.05G155700.1	AT5G19220.1	20.48	210	146	9	254	450	288	489	0.36	33.1
Gma|Glyma.05G155700.1	AT2G21590.1	22.32	439	255	24	6	402	94	488	0.39	32.7
Gma|Glyma.05G155700.1	AT2G21590.1	21.62	111	71	4	303	406	338	439	9.7	28.5
Gma|Glyma.05G155700.1	AT1G50240.2	44.83	29	16	0	129	157	651	679	0.40	33.1
Gma|Glyma.05G155700.1	AT4G39210.1	19.87	151	99	6	317	452	348	491	0.59	32.3
Gma|Glyma.05G155700.1	AT4G30570.1	26.03	73	37	1	350	422	235	290	4.2	29.3
Gma|Glyma.05G155700.1	AT5G35330.1	37.84	37	23	0	310	346	151	187	4.8	29.3
Gma|Glyma.05G155700.1	AT5G07740.1	30.77	91	55	4	65	151	562	648	5.2	29.6
Gma|Glyma.05G155700.1	AT1G60950.1	37.14	35	22	0	412	446	94	128	6.5	28.1
Gma|Glyma.05G155700.1	AT4G35640.1	26.26	99	53	4	353	449	208	288	6.5	28.9
Gma|Glyma.05G155700.1	AT5G42765.1	28.47	137	78	6	135	255	62	194	8.7	28.1
Gma|Glyma.05G155700.1	AT1G51640.1	39.44	71	34	4	8	71	385	453	10.0	28.5
Cca|KYP67652.1	AT5G19485.1	71.80	461	125	3	1	460	1	457	0.0	628
Cca|KYP67652.1	AT2G34970.1	28.30	159	85	4	315	450	283	435	3e-012	68.6
Cca|KYP67652.1	AT2G34970.1	24.71	259	161	9	3	242	25	268	1e-010	63.5
Cca|KYP67652.1	AT4G18300.1	28.75	160	85	4	314	450	273	426	4e-012	68.2
Cca|KYP67652.1	AT4G18300.1	21.34	253	168	9	3	242	24	258	1e-005	47.8
Cca|KYP67652.1	AT3G02270.1	27.50	160	87	4	314	450	264	417	8e-010	60.8
Cca|KYP67652.1	AT3G02270.1	27.48	131	86	4	3	127	25	152	6e-008	54.7
Cca|KYP67652.1	AT2G04650.1	21.75	469	256	24	6	434	9	406	8e-006	47.8
Cca|KYP67652.1	AT3G55590.1	22.86	140	102	3	3	137	1	139	2e-004	43.1
Cca|KYP67652.1	AT3G55590.1	23.81	105	62	2	350	436	257	361	0.014	37.4
Cca|KYP67652.1	AT1G74910.1	24.14	464	257	27	6	434	12	415	0.008	38.1
Cca|KYP67652.1	AT2G39770.1	27.10	107	73	1	350	456	254	355	0.011	37.7
Cca|KYP67652.1	AT4G29540.2	27.27	88	58	2	352	438	46	128	0.025	36.6
Cca|KYP67652.1	AT4G29540.2	27.27	143	65	7	334	449	100	230	0.072	35.0
Cca|KYP67652.1	AT4G39210.1	20.51	434	269	23	6	402	92	486	0.24	33.5
Cca|KYP67652.1	AT4G39210.1	22.83	92	56	4	369	452	407	491	3.1	30.0
Cca|KYP67652.1	AT5G48300.1	44.44	27	15	0	377	403	460	486	0.37	33.1
Cca|KYP67652.1	AT5G19220.1	28.21	78	47	4	381	450	413	489	0.53	32.3
Cca|KYP67652.1	AT1G50240.2	44.83	29	16	0	129	157	651	679	0.69	32.3
Cca|KYP67652.1	AT1G05610.1	23.45	145	92	5	6	134	58	199	1.2	31.2
Cca|KYP67652.1	AT1G05610.1	34.62	26	17	0	377	402	416	441	3.1	30.0
Cpa|evm.model.supercontig_34.203	AT5G19485.1	76.30	460	103	3	1	458	1	456	0.0	679
Cpa|evm.model.supercontig_34.203	AT2G34970.1	24.89	474	260	17	3	446	25	432	7e-021	95.5
Cpa|evm.model.supercontig_34.203	AT2G34970.1	33.33	63	42	0	385	447	347	409	0.003	40.0
Cpa|evm.model.supercontig_34.203	AT3G02270.1	23.29	438	249	15	3	427	25	388	3e-016	80.9
Cpa|evm.model.supercontig_34.203	AT4G18300.1	23.09	446	264	15	3	434	24	404	7e-016	80.1
Cpa|evm.model.supercontig_34.203	AT4G18300.1	36.51	63	40	0	385	447	338	400	0.002	40.4
Cpa|evm.model.supercontig_34.203	AT3G55590.1	25.90	166	115	4	3	163	1	163	2e-008	56.2
Cpa|evm.model.supercontig_34.203	AT3G55590.1	24.76	105	61	3	349	435	257	361	1.00	31.6
Cpa|evm.model.supercontig_34.203	AT2G04650.1	20.65	431	247	17	6	419	9	361	1e-005	47.0
Cpa|evm.model.supercontig_34.203	AT2G39770.1	22.29	166	118	5	3	163	1	160	2e-005	46.6
Cpa|evm.model.supercontig_34.203	AT2G39770.1	24.30	107	76	1	349	455	254	355	3.1	30.0
Cpa|evm.model.supercontig_34.203	AT1G74910.1	22.15	438	236	18	6	418	12	369	0.012	37.7
Cpa|evm.model.supercontig_34.203	AT5G19220.1	23.56	191	118	11	272	445	307	486	0.014	37.4
Cpa|evm.model.supercontig_34.203	AT5G48300.1	21.77	464	286	17	14	444	101	520	0.029	36.6
Cpa|evm.model.supercontig_34.203	AT4G29540.2	27.27	88	58	2	351	437	46	128	0.038	35.8
Cpa|evm.model.supercontig_34.203	AT4G29540.2	26.62	139	65	6	337	448	102	230	0.63	32.0
Cpa|evm.model.supercontig_34.203	AT4G30570.1	19.86	141	104	4	24	159	1	137	0.045	35.8
Cpa|evm.model.supercontig_34.203	AT4G39210.1	20.00	165	108	7	302	451	336	491	0.19	33.9
Cpa|evm.model.supercontig_34.203	AT1G09660.1	35.71	56	35	1	176	231	216	270	0.44	32.3
Cpa|evm.model.supercontig_34.203	AT2G28880.1	25.53	47	35	0	264	310	13	59	1.1	31.6
Cpa|evm.model.supercontig_34.203	AT4G35640.1	28.28	99	51	4	352	448	208	288	1.6	30.8
Cpa|evm.model.supercontig_34.203	AT1G27680.1	21.66	157	99	7	304	445	335	482	2.4	30.4
Cpa|evm.model.supercontig_34.203	AT2G21590.1	22.02	109	69	4	304	405	340	439	2.6	30.4
Cpa|evm.model.supercontig_34.203	AT2G21590.1	21.71	433	264	23	6	401	94	488	5.5	29.3
Cpa|evm.model.supercontig_34.203	AT1G05610.1	34.62	26	17	0	376	401	416	441	3.3	30.0
Cpa|evm.model.supercontig_34.203	AT3G21290.1	37.04	54	30	1	11	64	855	904	4.5	29.6
Cpa|evm.model.supercontig_34.203	AT5G22200.1	32.47	77	46	4	29	104	134	205	7.1	28.5
Cpa|evm.model.supercontig_34.203	AT3G62890.1	44.12	34	15	2	58	91	210	239	9.0	28.5
Cpa|evm.model.supercontig_34.203	AT3G13110.1	30.43	69	33	3	386	444	279	342	9.4	28.5
Cpa|evm.model.supercontig_34.203	AT3G60350.1	37.21	43	21	2	100	139	121	160	9.9	28.5
Osa|LOC_Os06g23160.1	AT5G19485.1	62.36	457	165	2	1	451	1	456	0.0	558
Osa|LOC_Os06g23160.1	AT2G34970.1	28.10	153	93	4	307	442	283	435	1e-012	69.7
Osa|LOC_Os06g23160.1	AT2G34970.1	25.00	192	112	7	3	177	25	201	3e-007	52.4
Osa|LOC_Os06g23160.1	AT4G18300.1	26.99	163	102	4	297	442	264	426	7e-012	67.4
Osa|LOC_Os06g23160.1	AT4G18300.1	23.88	134	91	4	3	127	24	155	8e-005	45.1
Osa|LOC_Os06g23160.1	AT3G02270.1	32.26	93	56	1	357	442	325	417	7e-009	57.8
Osa|LOC_Os06g23160.1	AT3G02270.1	26.52	132	86	5	3	127	25	152	7e-005	45.1
Osa|LOC_Os06g23160.1	AT2G04650.1	22.91	454	247	23	6	421	9	397	5e-005	45.1
Osa|LOC_Os06g23160.1	AT4G29540.2	32.76	116	49	6	326	414	100	213	2e-004	42.7
Osa|LOC_Os06g23160.1	AT4G29540.2	26.14	88	59	2	344	430	46	128	0.030	36.2
Osa|LOC_Os06g23160.1	AT3G55590.1	22.38	143	105	3	3	140	1	142	4e-004	42.4
Osa|LOC_Os06g23160.1	AT3G55590.1	23.81	105	66	3	330	421	251	354	0.078	35.0
Osa|LOC_Os06g23160.1	AT5G48300.1	28.00	125	68	5	320	437	411	520	0.002	40.4
Osa|LOC_Os06g23160.1	AT4G39210.1	25.55	137	85	6	305	431	391	520	0.004	39.3
Osa|LOC_Os06g23160.1	AT2G21590.1	24.09	137	87	6	305	431	393	522	0.008	38.1
Osa|LOC_Os06g23160.1	AT5G19220.1	23.68	152	97	7	309	447	349	494	0.009	38.1
Osa|LOC_Os06g23160.1	AT2G39770.1	20.57	141	107	3	3	140	1	139	0.010	37.7
Osa|LOC_Os06g23160.1	AT2G39770.1	22.86	105	67	3	330	421	248	351	0.10	34.7
Osa|LOC_Os06g23160.1	AT1G27680.1	24.63	134	69	5	305	409	388	518	0.56	32.3
Osa|LOC_Os06g23160.1	AT4G30570.1	18.03	122	93	3	24	140	1	120	1.4	30.8
Osa|LOC_Os06g23160.1	AT4G30570.1	27.03	74	49	1	359	432	223	291	7.6	28.5
Osa|LOC_Os06g23160.1	AT4G30570.1	27.40	73	36	1	342	414	235	290	8.8	28.5
Osa|LOC_Os06g23160.1	AT4G35390.1	29.55	44	31	0	151	194	70	113	1.4	30.8
Osa|LOC_Os06g23160.1	AT1G74910.1	22.06	467	255	23	6	426	12	415	1.7	30.8
Osa|LOC_Os06g23160.1	AT1G05610.1	38.46	26	16	0	369	394	416	441	1.9	30.8
Osa|LOC_Os06g23160.1	AT1G05610.1	23.08	143	95	5	6	134	58	199	4.1	29.6
Osa|LOC_Os06g23160.1	AT5G38260.1	34.04	47	31	0	220	266	104	150	3.0	30.0
Osa|LOC_Os06g23160.1	AT4G36990.1	26.36	129	76	7	35	155	14	131	3.4	29.6
Osa|LOC_Os06g23160.1	AT5G42765.1	34.52	84	41	5	135	209	62	140	6.2	28.5
Osa|LOC_Os06g23160.1	AT1G11740.1	24.79	121	71	5	99	216	208	311	7.0	28.9
Osa|LOC_Os06g23160.1	AT5G35330.1	27.40	73	49	2	270	338	115	187	7.1	28.5
Vrad|XP_014505861.1	AT5G19485.1	72.51	462	120	3	1	460	1	457	0.0	647
Vrad|XP_014505861.1	AT4G18300.1	26.20	187	118	5	284	450	240	426	1e-011	66.2
Vrad|XP_014505861.1	AT4G18300.1	21.74	253	167	8	3	242	24	258	1e-005	47.4
Vrad|XP_014505861.1	AT2G34970.1	27.04	159	87	4	315	450	283	435	2e-011	65.9
Vrad|XP_014505861.1	AT2G34970.1	23.94	259	163	8	3	242	25	268	8e-009	57.4
Vrad|XP_014505861.1	AT3G02270.1	27.50	160	87	5	314	450	264	417	5e-010	61.6
Vrad|XP_014505861.1	AT3G02270.1	29.10	134	80	6	3	127	25	152	6e-008	54.7
Vrad|XP_014505861.1	AT2G04650.1	20.83	432	246	18	6	420	9	361	5e-007	51.2
Vrad|XP_014505861.1	AT3G55590.1	25.00	140	99	3	3	137	1	139	7e-006	47.8
Vrad|XP_014505861.1	AT3G55590.1	21.90	105	64	2	350	436	257	361	1.9	30.4
Vrad|XP_014505861.1	AT1G74910.1	21.50	428	252	19	6	419	12	369	0.003	39.3
Vrad|XP_014505861.1	AT2G21590.1	23.17	436	255	21	6	402	94	488	0.004	39.3
Vrad|XP_014505861.1	AT2G39770.1	21.28	141	100	5	3	137	1	136	0.006	38.5
Vrad|XP_014505861.1	AT2G39770.1	24.30	107	76	1	350	456	254	355	0.39	32.7
Vrad|XP_014505861.1	AT5G48300.1	23.08	429	252	19	12	403	99	486	0.011	37.7
Vrad|XP_014505861.1	AT4G29540.2	26.14	88	59	2	352	438	46	128	0.057	35.4
Vrad|XP_014505861.1	AT4G29540.2	26.57	143	66	7	334	449	100	230	1.5	30.8
Vrad|XP_014505861.1	AT1G05610.1	25.52	145	89	5	6	134	58	199	0.31	33.1
Vrad|XP_014505861.1	AT1G05610.1	34.62	26	17	0	377	402	416	441	2.9	30.0
Vrad|XP_014505861.1	AT4G39210.1	21.64	476	284	27	6	439	92	520	0.35	33.1
Vrad|XP_014505861.1	AT5G19220.1	20.46	435	270	20	6	403	93	488	1.0	31.6
Vrad|XP_014505861.1	AT5G19220.1	26.92	78	48	4	381	450	413	489	2.4	30.4
Vrad|XP_014505861.1	AT1G50240.2	44.83	29	16	0	129	157	651	679	1.2	31.6
Vrad|XP_014505861.1	AT1G60950.1	34.29	35	23	0	412	446	94	128	3.1	29.3
Vrad|XP_014505861.1	AT5G07740.1	30.77	91	55	4	65	151	562	648	3.3	30.0
Vrad|XP_014505861.1	AT4G36710.1	24.24	66	46	1	266	331	144	205	7.8	28.9
Vrad|XP_014505861.1	AT2G26560.1	41.94	31	18	0	275	305	143	173	9.8	28.5
Vvi|GSVIVT01020254001	AT5G19485.1	75.05	461	108	3	1	459	1	456	0.0	668
Vvi|GSVIVT01020254001	AT4G18300.1	31.79	151	86	5	317	450	276	426	2e-012	68.9
Vvi|GSVIVT01020254001	AT4G18300.1	24.63	134	90	4	3	127	24	155	0.002	40.4
Vvi|GSVIVT01020254001	AT2G34970.1	27.81	151	92	4	317	450	285	435	8e-012	67.4
Vvi|GSVIVT01020254001	AT2G34970.1	27.98	193	106	8	3	177	25	202	2e-008	56.6
Vvi|GSVIVT01020254001	AT3G02270.1	25.48	157	88	5	317	450	267	417	2e-009	59.3
Vvi|GSVIVT01020254001	AT2G04650.1	22.48	467	255	24	6	434	9	406	6e-007	51.2
Vvi|GSVIVT01020254001	AT3G55590.1	23.78	143	103	3	3	140	1	142	1e-004	43.5
Vvi|GSVIVT01020254001	AT3G55590.1	23.81	105	62	3	350	436	257	361	0.23	33.5
Vvi|GSVIVT01020254001	AT5G48300.1	22.60	469	275	21	15	445	102	520	5e-004	42.4
Vvi|GSVIVT01020254001	AT1G74910.1	26.36	239	139	12	6	234	12	223	6e-004	41.6
Vvi|GSVIVT01020254001	AT2G39770.1	20.98	143	104	4	3	140	1	139	0.005	38.9
Vvi|GSVIVT01020254001	AT2G39770.1	23.36	107	77	1	350	456	254	355	6.7	28.9
Vvi|GSVIVT01020254001	AT4G39210.1	21.62	148	100	6	317	452	348	491	0.018	37.0
Vvi|GSVIVT01020254001	AT5G19220.1	20.55	146	98	7	315	447	347	487	0.045	35.8
Vvi|GSVIVT01020254001	AT4G30570.1	19.67	122	91	3	24	140	1	120	0.11	34.3
Vvi|GSVIVT01020254001	AT4G29540.2	27.27	143	65	7	334	449	100	230	0.14	34.3
Vvi|GSVIVT01020254001	AT4G29540.2	34.38	32	21	0	352	383	46	77	1.6	30.8
Vvi|GSVIVT01020254001	AT2G21590.1	20.25	158	102	7	303	445	338	486	1.3	31.2
Vvi|GSVIVT01020254001	AT4G05210.1	23.24	142	77	2	352	461	107	248	2.0	30.4
Vvi|GSVIVT01020254001	AT1G05610.1	34.62	26	17	0	377	402	416	441	2.3	30.4
Vvi|GSVIVT01020254001	AT1G05610.1	38.46	39	23	1	368	406	353	390	2.4	30.4
Vvi|GSVIVT01020254001	AT1G05610.1	24.66	146	89	7	6	134	58	199	2.8	30.0
Vvi|GSVIVT01020254001	AT4G08280.1	36.36	33	21	0	159	191	40	72	6.4	28.1
Vvi|GSVIVT01020254001	AT5G06440.4	44.00	25	14	0	191	215	238	262	8.9	28.5
Vang|KOM30961.1	AT5G19485.1	72.29	462	121	3	1	460	1	457	0.0	647
Vang|KOM30961.1	AT4G18300.1	26.67	180	115	4	288	450	247	426	1e-011	66.6
Vang|KOM30961.1	AT4G18300.1	21.74	253	167	8	3	242	24	258	1e-005	47.4
Vang|KOM30961.1	AT2G34970.1	27.04	159	87	4	315	450	283	435	2e-011	65.9
Vang|KOM30961.1	AT2G34970.1	24.32	259	162	8	3	242	25	268	5e-009	58.2
Vang|KOM30961.1	AT3G02270.1	27.50	160	87	5	314	450	264	417	5e-010	61.6
Vang|KOM30961.1	AT3G02270.1	29.10	134	80	6	3	127	25	152	6e-008	54.7
Vang|KOM30961.1	AT2G04650.1	20.60	432	247	18	6	420	9	361	2e-006	49.7
Vang|KOM30961.1	AT3G55590.1	25.71	140	98	3	3	137	1	139	5e-006	48.1
Vang|KOM30961.1	AT3G55590.1	21.90	105	64	2	350	436	257	361	1.9	30.4
Vang|KOM30961.1	AT1G74910.1	21.84	435	242	20	6	419	12	369	0.003	39.7
Vang|KOM30961.1	AT2G21590.1	23.17	436	255	21	6	402	94	488	0.004	39.3
Vang|KOM30961.1	AT2G39770.1	21.99	141	99	5	3	137	1	136	0.004	38.9
Vang|KOM30961.1	AT2G39770.1	24.30	107	76	1	350	456	254	355	0.37	32.7
Vang|KOM30961.1	AT5G48300.1	22.61	429	254	18	12	403	99	486	0.012	37.7
Vang|KOM30961.1	AT4G29540.2	26.14	88	59	2	352	438	46	128	0.054	35.4
Vang|KOM30961.1	AT4G29540.2	26.57	143	66	7	334	449	100	230	1.4	30.8
Vang|KOM30961.1	AT4G39210.1	21.64	476	284	27	6	439	92	520	0.29	33.1
Vang|KOM30961.1	AT1G05610.1	25.52	145	89	5	6	134	58	199	0.44	32.7
Vang|KOM30961.1	AT1G05610.1	34.62	26	17	0	377	402	416	441	2.9	30.0
Vang|KOM30961.1	AT5G19220.1	20.46	435	270	20	6	403	93	488	0.92	31.6
Vang|KOM30961.1	AT5G19220.1	26.92	78	48	4	381	450	413	489	2.4	30.4
Vang|KOM30961.1	AT1G50240.2	44.83	29	16	0	129	157	651	679	1.1	31.6
Vang|KOM30961.1	AT4G36710.1	25.76	66	45	1	266	331	144	205	2.6	30.0
Vang|KOM30961.1	AT1G60950.1	34.29	35	23	0	412	446	94	128	3.1	29.3
Vang|KOM30961.1	AT5G07740.1	30.77	91	55	4	65	151	562	648	3.6	30.0
Vang|KOM30961.1	AT5G22200.1	33.77	77	45	4	29	104	134	205	7.0	28.5
