AT1G01010.1	AT1G01010.1	100.00	430	0	0	1	430	1	430	0.0	895
AT1G01010.1	AT4G01550.1	32.62	469	248	15	1	428	2	443	2e-055	192
AT1G01010.1	AT1G02230.1	33.93	336	158	10	1	330	1	278	4e-041	151
AT1G01010.1	AT1G02250.1	32.09	349	158	14	1	331	1	288	8e-039	145
AT1G01010.1	AT4G01520.1	39.33	178	95	5	1	175	2	169	9e-033	126
AT1G01010.1	AT4G01540.1	39.89	178	94	6	1	175	2	169	1e-031	125
AT1G01010.1	AT3G04420.1	40.85	164	87	2	1	162	1	156	3e-030	120
AT1G01010.1	AT4G35580.2	40.74	162	79	5	5	159	11	162	1e-028	117
AT1G01010.1	AT3G49530.1	42.31	156	74	6	5	153	15	161	3e-027	112
AT1G01010.1	AT1G33060.2	39.02	164	81	5	5	160	26	178	3e-027	114
AT1G01010.1	AT5G24590.2	40.99	161	79	5	5	158	15	166	2e-026	110
AT1G01010.1	AT1G02220.1	28.53	354	202	9	1	344	1	313	1e-025	107
AT1G01010.1	AT3G10490.2	38.18	165	76	6	6	158	30	180	6e-025	105
AT1G01010.1	AT5G39610.1	34.20	193	97	9	6	182	23	201	2e-023	99.4
AT1G01010.1	AT2G18060.1	37.01	154	79	7	6	152	12	154	6e-023	99.0
AT1G01010.1	AT3G17730.1	37.82	156	78	5	6	153	9	153	7e-023	97.1
AT1G01010.1	AT2G17040.1	39.63	164	88	6	6	167	9	163	8e-023	97.4
AT1G01010.1	AT5G07680.1	36.69	169	78	8	1	156	15	167	1e-022	97.4
AT1G01010.1	AT5G61430.1	33.33	201	101	9	1	182	14	200	2e-022	97.4
AT1G01010.1	AT4G36160.1	29.58	240	144	8	6	231	13	241	2e-022	97.4
AT1G01010.1	AT5G66300.1	37.01	154	80	7	6	152	15	158	3e-022	95.9
AT1G01010.1	AT5G04400.1	31.65	218	116	8	6	199	31	239	7e-022	96.7
AT1G01010.1	AT3G04060.1	36.20	163	78	7	6	156	23	171	7e-022	95.5
AT1G01010.1	AT2G27300.1	37.01	154	84	4	6	158	17	158	1e-021	95.1
AT1G01010.1	AT4G17980.1	33.33	162	91	5	6	158	9	162	1e-021	93.6
AT1G01010.1	AT1G71930.1	34.42	154	83	6	6	152	12	154	2e-021	94.0
AT1G01010.1	AT3G29035.1	38.41	138	67	5	6	139	27	150	2e-021	94.0
AT1G01010.1	AT3G04070.1	39.55	134	70	5	6	136	13	138	2e-021	94.4
AT1G01010.1	AT1G65910.1	36.13	155	82	5	6	153	9	153	3e-021	95.9
AT1G01010.1	AT5G18270.1	33.94	165	83	6	6	158	24	174	4e-021	93.6
AT1G01010.1	AT5G04410.1	38.71	155	78	7	6	153	12	156	5e-021	95.5
AT1G01010.1	AT5G46590.1	34.78	161	88	6	6	158	9	160	5e-021	92.4
AT1G01010.1	AT3G03200.1	32.56	215	113	9	6	211	9	200	7e-021	94.4
AT1G01010.1	AT3G18400.1	33.72	172	86	8	1	160	1	156	1e-020	91.7
AT1G01010.1	AT3G10500.1	35.48	155	83	4	6	153	12	156	2e-020	93.6
AT1G01010.1	AT1G76420.1	38.51	161	81	6	6	159	25	174	2e-020	91.3
AT1G01010.1	AT3G44290.1	39.24	158	77	8	6	157	17	161	3e-020	90.9
AT1G01010.1	AT5G17260.1	36.08	158	79	7	6	153	9	154	3e-020	92.4
AT1G01010.1	AT3G10480.3	32.49	197	76	6	6	158	30	213	3e-020	92.8
AT1G01010.1	AT4G28530.1	33.14	175	90	6	6	162	13	178	3e-020	90.9
AT1G01010.1	AT3G15510.1	40.60	133	65	6	7	136	21	142	4e-020	91.3
AT1G01010.1	AT5G62380.1	33.99	153	85	7	6	152	10	152	7e-020	90.1
AT1G01010.1	AT2G33480.1	35.44	158	80	5	6	156	18	160	9e-020	88.6
AT1G01010.1	AT1G69490.1	34.50	171	87	7	6	164	12	169	1e-019	88.2
AT1G01010.1	AT1G01720.1	33.75	160	80	6	6	153	10	155	1e-019	88.2
AT1G01010.1	AT5G22290.1	38.00	150	79	7	6	153	24	161	3e-019	88.2
AT1G01010.1	AT1G54330.1	35.53	152	84	5	6	153	9	150	4e-019	87.0
AT1G01010.1	AT1G12260.1	32.39	176	98	9	6	173	10	172	4e-019	88.6
AT1G01010.1	AT5G09330.1	38.06	155	79	6	6	153	9	153	5e-019	89.0
AT1G01010.1	AT4G10350.1	34.59	159	86	6	6	156	12	160	5e-019	87.4
AT1G01010.1	AT1G32870.1	41.98	131	66	4	6	136	13	133	8e-019	88.6
AT1G01010.1	AT3G15170.1	32.46	191	108	6	6	186	23	202	8e-019	86.3
AT1G01010.1	AT5G64060.1	37.18	156	79	7	6	153	9	153	8e-019	87.0
AT1G01010.1	AT1G33280.1	35.29	153	84	6	6	153	11	153	9e-019	86.3
AT1G01010.1	AT1G32770.1	37.86	140	74	6	6	142	19	148	1e-018	86.7
AT1G01010.1	AT5G22380.1	33.93	168	87	7	1	153	1	159	1e-018	85.1
AT1G01010.1	AT5G53950.1	39.42	137	69	6	6	139	20	145	2e-018	86.7
AT1G01010.1	AT1G26870.1	29.77	262	146	13	1	239	19	265	2e-018	87.0
AT1G01010.1	AT1G62700.1	28.92	249	150	11	6	239	10	246	2e-018	86.3
AT1G01010.1	AT1G61110.1	37.31	134	69	6	6	136	19	140	3e-018	85.1
AT1G01010.1	AT2G24430.1	35.71	154	83	6	6	153	19	162	3e-018	84.7
AT1G01010.1	AT2G02450.2	36.62	142	74	7	6	145	54	181	5e-018	85.5
AT1G01010.1	AT3G12977.1	30.17	179	102	6	6	173	21	187	9e-018	82.8
AT1G01010.1	AT2G43000.1	35.90	156	80	7	6	153	21	164	1e-017	82.4
AT1G01010.1	AT3G15500.1	34.55	165	83	8	6	160	17	166	1e-017	83.2
AT1G01010.1	AT2G46770.1	37.23	137	73	7	6	139	19	145	2e-017	83.2
AT1G01010.1	AT1G32510.1	37.23	137	73	5	6	136	9	138	2e-017	82.0
AT1G01010.1	AT1G56010.2	32.75	171	88	8	6	163	22	178	2e-017	82.4
AT1G01010.1	AT3G61910.1	35.77	137	75	6	6	139	14	140	3e-017	82.4
AT1G01010.1	AT1G52890.1	34.55	165	83	8	6	160	17	166	6e-017	80.9
AT1G01010.1	AT5G63790.1	30.94	181	97	7	5	171	52	218	6e-017	80.9
AT1G01010.1	AT5G13180.1	36.31	157	81	6	6	156	17	160	9e-017	79.7
AT1G01010.1	AT1G77450.1	32.08	159	83	6	6	153	13	157	1e-016	79.3
AT1G01010.1	AT5G08790.1	33.33	135	75	4	5	137	9	130	2e-016	79.0
AT1G01010.1	AT3G12910.1	30.54	167	89	5	6	153	24	182	2e-016	79.3
AT1G01010.1	AT1G34190.1	38.24	136	72	4	6	139	19	144	3e-016	80.5
AT1G01010.1	AT4G27410.3	32.77	177	79	9	6	156	17	179	5e-016	78.2
AT1G01010.1	AT1G79580.1	32.90	155	86	7	6	153	20	163	8e-016	78.6
AT1G01010.1	AT1G52880.1	39.10	133	69	5	7	136	21	144	1e-015	77.0
AT1G01010.1	AT1G34180.2	36.24	149	69	6	6	139	19	156	2e-015	77.8
AT1G01010.1	AT5G39820.1	36.30	146	80	7	6	148	23	158	8e-015	75.1
AT1G01010.1	AT3G04430.1	35.93	167	85	7	9	163	6	162	3e-014	71.6
AT1G01010.1	AT3G44350.2	31.15	183	103	8	2	169	4	178	1e-013	70.1
AT1G01010.1	AT3G55210.1	27.44	164	92	6	6	153	14	166	2e-009	58.2
AT1G01010.1	AT3G56530.1	28.47	137	85	4	6	139	55	181	2e-009	58.2
AT1G01010.1	AT5G50820.1	28.89	135	76	5	6	137	20	137	5e-009	55.5
AT1G01010.1	AT5G64530.1	30.30	132	70	6	6	136	6	116	1e-008	54.7
AT1G01010.1	AT1G02210.1	37.08	89	50	3	62	150	2	84	5e-007	48.5
AT1G01010.1	AT3G56560.1	26.12	134	68	2	6	139	118	220	8e-006	46.6
AT1G01010.1	AT1G25580.1	25.89	282	151	18	6	246	61	325	6e-005	44.7
AT1G01010.1	AT5G18300.1	30.00	130	75	4	7	136	18	131	4e-004	40.4
AT1G01010.1	AT3G04410.1	43.14	51	27	2	1	49	1	51	0.002	37.0
AT1G01010.1	AT1G28470.1	26.49	151	80	8	5	137	79	216	0.008	37.7
AT1G01010.1	AT1G64105.1	32.58	89	54	4	10	95	9	94	0.019	35.8
AT1G01010.1	AT5G18037.1	30.61	49	33	1	2	50	10	57	0.019	34.3
AT1G01010.1	AT5G39690.1	25.56	90	58	2	67	155	64	145	0.027	36.2
AT1G01010.1	AT1G60280.1	22.00	150	101	5	10	158	34	168	0.082	34.7
AT1G01010.1	AT1G03490.1	28.10	121	75	3	5	117	6	122	0.14	33.9
AT1G01010.1	AT1G19040.1	30.00	70	44	2	6	75	8	72	0.15	33.1
AT1G01010.1	AT4G28500.1	23.65	148	89	6	5	137	61	199	0.34	32.7
AT1G01010.1	AT1G60300.1	27.40	73	47	1	83	155	82	148	0.34	32.7
AT1G01010.1	AT5G56620.1	24.26	169	78	10	5	140	45	196	0.61	32.0
AT1G01010.1	AT5G14490.1	25.58	172	92	10	6	156	61	217	0.65	32.0
