Aradu|XP_015957737.1	AT1G18060.1	71.23	212	54	4	80	289	21	227	8e-101	298
Aradu|XP_015957737.1	AT1G63870.1	25.15	163	108	6	62	217	6	161	2.0	29.6
Aradu|XP_015957737.1	AT3G50470.1	40.38	52	29	2	74	123	20	71	2.1	29.3
Aradu|XP_015957737.1	AT3G21710.2	29.55	44	31	0	60	103	79	122	3.4	28.5
Aradu|XP_015957737.1	AT5G04930.1	22.54	71	45	1	4	74	322	382	4.9	28.5
Aradu|XP_015957737.1	AT5G66190.1	38.10	21	13	0	156	176	94	114	6.9	27.7
Car|XP_012572062.1	AT1G18060.1	69.08	207	59	3	85	289	21	224	3e-100	297
Car|XP_012572062.1	AT5G66030.1	34.62	52	28	2	65	110	183	234	1.8	30.0
Car|XP_012572062.1	AT5G22670.1	38.64	44	23	1	99	142	175	214	2.2	29.6
Car|XP_012572062.1	AT1G80410.2	36.96	46	28	1	112	157	88	132	4.4	28.9
Car|XP_012572062.1	AT4G28650.1	32.14	56	36	1	178	231	715	770	4.6	28.9
Car|XP_012572062.1	AT5G66620.1	46.43	28	15	0	95	122	231	258	5.3	28.5
Car|XP_012572062.1	AT5G54000.1	30.59	85	52	2	147	231	224	301	6.6	28.1
Car|XP_012572062.1	AT1G17280.1	26.05	119	72	5	1	112	81	190	7.8	27.7
Car|XP_012572062.1	AT1G04980.1	33.33	75	33	3	123	187	309	376	8.0	27.7
Lja|Lj2g3v0690380.1	AT1G18060.1	70.19	208	56	3	56	262	22	224	2e-099	294
Lja|Lj2g3v0690380.1	AT1G47840.1	40.43	47	24	1	17	63	332	374	1.1	30.4
Lja|Lj2g3v0690380.1	AT1G76630.2	25.00	116	73	4	135	236	987	1102	1.3	30.4
Lja|Lj2g3v0690380.1	AT5G24750.1	44.19	43	16	2	79	113	452	494	3.7	28.9
Lja|Lj2g3v0690380.1	AT4G04750.1	25.00	100	75	0	87	186	221	320	6.2	28.1
Lja|Lj2g3v0690380.1	AT1G60230.1	29.03	62	44	0	9	70	258	319	7.2	27.7
Mtr|Medtr8g106690.1	AT1G18060.1	74.86	183	45	1	49	230	42	224	4e-098	289
Mtr|Medtr8g106690.1	AT5G44400.1	37.84	37	23	0	11	47	89	125	3.8	28.5
Mtr|Medtr8g106690.1	AT2G30390.2	30.00	80	44	4	20	97	288	357	5.5	27.7
Mtr|Medtr8g106690.1	AT4G00440.2	30.61	49	34	0	95	143	429	477	7.3	27.7
Mtr|Medtr8g106690.1	AT5G65670.1	41.18	51	28	1	80	128	50	100	7.4	27.3
Mtr|Medtr8g106690.1	AT5G28470.1	24.37	119	75	4	107	219	87	196	8.6	27.3
Araip|XP_016190800.1	AT1G18060.1	69.34	212	58	4	62	271	21	227	5e-096	285
Araip|XP_016190800.1	AT5G20490.1	31.75	63	42	1	63	125	960	1021	1.9	29.6
Araip|XP_016190800.1	AT5G66190.1	38.10	21	13	0	138	158	94	114	6.3	27.7
Pvu|Phvul.002G327000.1	AT1G18060.1	69.52	210	58	4	54	261	22	227	3e-098	290
Pvu|Phvul.002G327000.1	AT3G13110.1	25.25	99	61	4	31	122	68	160	1.3	30.0
Pvu|Phvul.002G327000.1	AT1G51110.1	25.91	193	115	9	16	194	16	194	1.8	29.6
Pvu|Phvul.002G327000.1	AT3G54400.1	44.74	38	16	2	9	41	225	262	2.8	28.9
Pvu|Phvul.002G327000.1	AT5G23575.1	30.49	82	53	2	12	92	131	209	2.8	29.3
Pvu|Phvul.002G327000.1	AT5G23150.1	43.59	39	21	1	202	240	27	64	4.3	28.5
Pvu|Phvul.002G327000.1	AT1G08520.1	24.36	78	53	1	150	227	79	150	9.8	27.3
Lup|Lup003611.1	AT1G18060.1	74.59	185	46	1	74	257	43	227	6e-098	289
Lup|Lup003611.1	AT4G00440.2	30.61	49	34	0	119	167	429	477	6.5	28.1
Lup|Lup003611.1	AT3G25280.1	35.42	48	29	1	13	60	211	256	7.9	27.7
Ath|AT1G18060.1	AT1G18060.1	100.00	227	0	0	1	227	1	227	4e-166	461
Ath|AT1G18060.1	AT3G29720.1	33.93	56	32	1	26	76	143	198	0.45	30.8
Ath|AT1G18060.1	AT3G60480.1	36.00	50	24	2	9	53	62	108	2.8	27.7
Ath|AT1G18060.1	AT5G57300.1	22.58	93	61	2	116	204	77	162	3.6	28.1
Ath|AT1G18060.1	AT4G00440.2	32.65	49	33	0	88	136	429	477	4.2	28.1
Ath|AT1G18060.1	AT3G16180.1	30.91	55	33	2	158	207	144	198	5.9	27.7
Ath|AT1G18060.1	AT5G01400.1	28.77	73	41	2	3	75	1066	1127	7.0	27.7
Gma|Glyma.08G051100.1	AT1G18060.1	72.38	210	52	4	48	255	22	227	2e-100	296
Gma|Glyma.08G051100.1	AT5G22670.1	24.47	94	59	3	18	105	127	214	1.7	29.6
Gma|Glyma.08G051100.1	AT1G08520.1	26.83	82	46	3	144	221	79	150	1.8	29.6
Gma|Glyma.08G051100.1	AT3G15351.1	27.27	88	57	3	55	135	10	97	4.5	27.7
Gma|Glyma.08G051100.1	AT1G48090.1	27.96	93	58	2	27	113	988	1077	7.7	27.7
Gma|Glyma.08G051100.1	AT1G52190.1	26.23	61	39	1	187	241	143	203	9.1	27.3
Gma|Glyma.05G243300.1	AT1G18060.1	73.79	206	48	4	50	253	22	223	3e-102	300
Gma|Glyma.05G243300.1	AT3G13110.1	24.22	128	83	5	23	143	68	188	4.5	28.5
Gma|Glyma.05G243300.1	AT2G20050.1	21.90	105	82	0	23	127	420	524	6.7	28.1
Gma|Glyma.05G243300.1	AT3G24140.1	33.33	45	28	1	46	90	176	218	7.5	27.7
Gma|Glyma.05G243300.1	AT5G18660.1	26.39	144	89	7	24	167	29	155	8.0	27.7
Gma|Glyma.05G243300.1	AT5G22670.1	28.57	105	52	7	7	107	129	214	8.3	27.3
Gma|Glyma.05G243300.1	AT1G52190.1	26.23	61	39	1	189	243	143	203	8.6	27.7
Gma|Glyma.05G243300.1	AT5G66190.1	38.10	21	13	0	124	144	94	114	9.6	27.3
Cca|KYP61464.1	AT1G18060.1	72.38	210	52	4	53	260	22	227	2e-104	306
Cca|KYP61464.1	AT3G13110.1	27.27	99	63	4	55	146	92	188	2.8	28.9
Cca|KYP61464.1	AT1G80410.2	34.04	47	30	1	80	126	88	133	3.0	28.9
Cca|KYP61464.1	AT3G02370.2	35.71	42	27	0	143	184	2	43	10.0	26.9
Vrad|XP_014512010.1	AT1G18060.1	71.50	207	53	4	54	258	22	224	1e-099	294
Vrad|XP_014512010.1	AT1G51110.1	25.93	108	66	3	1	94	1	108	1.7	29.6
Vrad|XP_014512010.1	AT5G56780.1	28.99	69	41	1	31	91	343	411	1.7	29.6
Vrad|XP_014512010.1	AT1G78340.1	27.27	99	47	4	20	94	39	136	3.6	28.5
Vrad|XP_014512010.1	AT4G31040.1	32.69	52	35	0	1	52	1	52	4.8	28.1
Vrad|XP_014512010.1	AT5G22670.1	29.03	62	34	2	56	111	157	214	4.9	28.1
Vrad|XP_014512010.1	AT3G02370.2	35.71	42	27	0	144	185	2	43	5.1	27.7
Vrad|XP_014512010.1	AT3G57360.1	35.71	42	27	0	144	185	53	94	8.0	27.3
Vvi|GSVIVT01008377001	AT1G18060.1	70.30	202	56	2	58	258	28	226	3e-100	295
Vvi|GSVIVT01008377001	AT3G12950.1	28.95	76	48	1	74	143	429	504	0.74	30.8
Vvi|GSVIVT01008377001	AT3G22690.1	31.75	63	43	0	12	74	10	72	1.7	29.6
Vvi|GSVIVT01008377001	AT2G30170.1	34.48	58	32	2	194	245	29	86	2.2	29.3
Vvi|GSVIVT01008377001	AT1G73690.1	36.17	47	30	0	54	100	288	334	4.2	28.5
Vvi|GSVIVT01008377001	AT3G58010.1	34.04	47	24	1	207	253	250	289	7.8	27.3
Vvi|GSVIVT01008377001	AT1G20970.1	56.52	23	10	0	64	86	663	685	8.4	27.7
Vvi|GSVIVT01008377001	AT5G40450.1	29.31	58	40	1	61	118	952	1008	9.2	27.7
Vang|KOM30318.1	AT1G18060.1	70.48	210	56	4	54	261	22	227	2e-099	293
Vang|KOM30318.1	AT5G56780.1	28.99	69	41	1	31	91	343	411	3.7	28.5
Vang|KOM30318.1	AT5G22670.1	29.03	62	34	2	56	111	157	214	4.8	28.1
Vang|KOM30318.1	AT5G23575.1	29.27	82	54	2	12	92	131	209	5.3	28.1
Vang|KOM30318.1	AT3G02370.2	35.71	42	27	0	144	185	2	43	5.4	27.7
Vang|KOM30318.1	AT5G23150.1	43.59	39	21	1	202	240	27	64	5.8	28.1
Vang|KOM30318.1	AT4G34680.1	32.43	37	25	0	15	51	202	238	6.0	27.7
Vang|KOM30318.1	AT5G66320.1	30.16	63	42	1	15	75	271	333	6.2	27.7
Vang|KOM30318.1	AT2G44360.1	25.00	64	45	2	17	79	23	84	8.0	26.9
Vang|KOM30318.1	AT3G57360.1	35.71	42	27	0	144	185	53	94	8.2	27.3
Amt|evm_27.model.AmTr_v1.0_scaffold00006.30	AT1G18060.1	72.47	178	48	1	86	263	51	227	9e-092	274
Amt|evm_27.model.AmTr_v1.0_scaffold00006.30	AT5G66190.1	42.86	21	12	0	128	148	94	114	2.0	29.3
Amt|evm_27.model.AmTr_v1.0_scaffold00006.30	AT3G16180.1	29.09	55	35	2	193	243	144	198	2.9	28.9
Amt|evm_27.model.AmTr_v1.0_scaffold00006.30	AT1G52190.1	29.09	55	35	2	193	243	143	197	3.5	28.9
Amt|evm_27.model.AmTr_v1.0_scaffold00006.30	AT1G09170.1	36.73	49	27	1	89	137	948	992	8.2	27.7
Amt|evm_27.model.AmTr_v1.0_scaffold00006.30	AT4G33170.1	36.00	50	28	1	66	111	409	458	9.6	27.3
Cpa|evm.model.supercontig_3.442	AT1G18060.1	73.00	200	49	3	74	272	28	223	1e-099	297
Cpa|evm.model.supercontig_3.442	AT5G25110.1	45.10	51	28	0	304	354	382	432	4e-005	45.1
Cpa|evm.model.supercontig_3.442	AT5G10930.1	42.31	52	30	0	303	354	352	403	1e-004	43.1
Cpa|evm.model.supercontig_3.442	AT2G25090.1	44.23	52	29	0	303	354	362	413	4e-004	42.0
Cpa|evm.model.supercontig_3.442	AT1G30270.1	41.86	43	24	1	304	346	376	417	1.4	30.4
Cpa|evm.model.supercontig_3.442	AT3G19050.1	23.77	122	90	2	20	138	1324	1445	5.8	28.9
Cpa|evm.model.supercontig_3.442	AT1G75620.1	27.27	66	43	1	202	267	294	354	9.6	28.1
Osa|LOC_Os01g03040.1	AT1G18060.1	61.97	213	72	1	41	253	21	224	6e-092	274
Osa|LOC_Os01g03040.1	AT4G25800.1	28.78	139	76	7	57	178	1	133	0.41	31.6
Osa|LOC_Os01g03040.1	AT5G47480.1	29.82	57	30	1	42	98	1019	1065	0.64	31.2
Osa|LOC_Os01g03040.1	AT3G47490.1	37.04	54	31	1	28	81	35	85	1.9	29.3
Osa|LOC_Os01g03040.1	AT1G79000.2	25.40	126	77	3	58	178	847	960	3.6	28.9
Osa|LOC_Os01g03040.1	AT1G66180.1	26.61	109	71	5	108	212	278	381	5.4	28.1
Osa|LOC_Os01g03040.1	AT4G31160.1	21.67	60	43	1	80	135	51	110	5.6	28.1
Osa|LOC_Os01g03040.1	AT1G63680.1	22.12	104	59	3	26	111	8	107	5.7	28.1
Osa|LOC_Os01g03040.1	AT5G56890.1	33.33	75	45	2	6	75	205	279	6.3	28.1
Osa|LOC_Os01g03040.1	AT5G40450.1	32.61	46	31	0	55	100	1739	1784	8.5	27.7
Osa|LOC_Os01g03040.1	AT2G01260.1	31.25	64	41	2	53	116	37	97	9.8	27.3
