Aradu|XP_015957992.1	AT1G24310.1	68.45	374	104	3	18	381	2	371	2e-173	493
Aradu|XP_015957992.1	AT3G32904.1	34.48	58	38	0	2	59	270	327	1e-005	46.2
Aradu|XP_015957992.1	AT3G32904.1	34.09	44	29	0	9	52	286	329	0.008	37.7
Aradu|XP_015957992.1	AT1G10390.1	48.62	109	34	11	2	105	252	343	1e-004	43.9
Aradu|XP_015957992.1	AT1G10390.1	50.00	88	15	7	2	63	79	163	6e-004	42.0
Aradu|XP_015957992.1	AT1G10390.1	50.00	80	18	6	2	63	186	261	0.002	40.4
Aradu|XP_015957992.1	AT1G10390.1	52.05	73	17	7	2	59	146	215	0.006	38.5
Aradu|XP_015957992.1	AT1G10390.1	42.39	92	33	6	6	96	53	125	2.4	30.0
Aradu|XP_015957992.1	AT1G59660.1	50.00	68	23	5	4	64	143	206	0.004	38.9
Aradu|XP_015957992.1	AT1G59660.1	54.05	74	16	7	2	63	196	263	0.006	38.5
Aradu|XP_015957992.1	AT1G59660.1	43.27	104	19	8	2	69	76	175	0.034	36.2
Aradu|XP_015957992.1	AT1G59660.1	38.26	115	43	7	9	103	44	150	0.43	32.7
Aradu|XP_015957992.1	AT3G30520.1	33.33	96	50	4	18	109	295	380	0.018	36.6
Aradu|XP_015957992.1	AT4G37130.1	43.33	90	36	6	3	83	427	510	0.16	33.9
Aradu|XP_015957992.1	AT4G37130.1	38.64	88	39	4	31	106	394	478	7.5	28.5
Aradu|XP_015957992.1	AT3G42870.1	34.12	85	53	3	45	127	219	302	0.26	32.7
Aradu|XP_015957992.1	AT4G16745.2	31.94	72	48	1	232	303	494	564	0.31	33.1
Aradu|XP_015957992.1	AT1G59750.1	38.89	36	22	0	38	73	402	437	1.9	30.4
Aradu|XP_015957992.1	AT3G10650.1	44.59	74	22	6	3	65	1122	1187	2.8	30.0
Aradu|XP_015957992.1	AT3G44350.2	30.00	80	48	2	279	354	155	230	3.3	29.3
Aradu|XP_015957992.1	AT1G17730.1	39.53	43	24	2	72	114	142	182	3.6	28.9
Aradu|XP_015957992.1	AT1G73030.1	39.53	43	24	2	72	114	142	182	4.2	28.9
Aradu|XP_015957992.1	AT4G03410.2	37.10	62	38	1	247	307	27	88	5.1	28.9
Aradu|XP_015957992.1	AT5G15920.1	27.52	149	82	5	239	379	740	870	5.6	28.9
Aradu|XP_015957992.1	AT1G71450.1	28.07	57	41	0	125	181	125	181	6.1	28.1
Aradu|XP_015957992.1	AT2G43160.3	33.33	102	42	5	52	127	440	541	8.4	28.5
Aradu|XP_015957992.1	AT1G30750.1	31.00	100	48	4	16	95	50	148	8.6	27.7
Car|XP_004502306.1	AT1G24310.1	68.65	370	98	3	34	385	2	371	8e-168	479
Car|XP_004502306.1	AT1G59660.1	51.20	125	36	11	6	116	121	234	4e-009	58.5
Car|XP_004502306.1	AT1G59660.1	54.02	87	22	6	7	78	191	274	2e-006	49.3
Car|XP_004502306.1	AT1G59660.1	39.53	129	37	8	2	92	10	135	0.15	34.3
Car|XP_004502306.1	AT1G10390.1	51.92	104	30	7	16	116	232	318	3e-008	55.8
Car|XP_004502306.1	AT1G10390.1	46.43	140	32	9	2	118	186	305	6e-008	54.7
Car|XP_004502306.1	AT1G10390.1	50.49	103	19	8	2	78	94	190	8e-008	54.3
Car|XP_004502306.1	AT1G10390.1	43.80	121	41	9	1	106	63	171	5e-005	45.4
Car|XP_004502306.1	AT1G10390.1	45.97	124	49	9	2	118	47	159	5e-004	42.0
Car|XP_004502306.1	AT1G10390.1	44.54	119	42	9	2	104	252	362	5e-004	42.0
Car|XP_004502306.1	AT3G32904.1	36.54	52	28	1	21	72	273	319	0.011	37.4
Car|XP_004502306.1	AT3G32904.1	32.76	58	30	2	11	64	277	329	0.045	35.4
Car|XP_004502306.1	AT3G32904.1	30.19	53	33	1	2	50	277	329	0.24	33.1
Car|XP_004502306.1	AT3G30520.1	30.11	93	51	3	25	115	295	375	0.067	35.0
Car|XP_004502306.1	AT4G32640.1	33.83	133	72	6	3	129	99	221	0.18	33.9
Car|XP_004502306.1	AT4G37130.1	43.06	72	26	5	23	80	403	473	0.70	32.0
Car|XP_004502306.1	AT2G45000.1	47.54	61	28	2	32	90	424	482	0.71	32.0
Car|XP_004502306.1	AT1G18620.2	27.78	72	43	2	96	161	695	763	3.8	29.6
Car|XP_004502306.1	AT2G02910.1	30.30	66	44	1	305	368	180	245	3.8	29.3
Car|XP_004502306.1	AT1G29370.1	27.14	70	41	2	335	394	359	428	4.2	29.3
Car|XP_004502306.1	AT1G29350.1	27.14	70	41	2	335	394	359	428	4.6	29.3
Car|XP_004502306.1	AT5G64270.1	29.47	95	55	4	6	88	251	345	5.0	29.3
Car|XP_004502306.1	AT5G50780.1	26.67	90	62	2	4	93	591	676	5.2	29.3
Car|XP_004502306.1	AT2G42510.2	30.77	52	28	2	311	359	192	238	5.5	28.9
Car|XP_004502306.1	AT3G42870.1	29.17	96	49	4	43	131	219	302	6.2	28.5
Car|XP_004502306.1	AT1G08620.1	28.33	60	42	1	46	104	1087	1146	8.0	28.5
Lja|Lj1g3v3446330.1	AT1G24310.1	65.45	385	87	8	1	353	1	371	5e-164	468
Lja|Lj1g3v3446330.1	AT1G10390.1	43.40	106	32	7	2	94	236	326	0.001	40.4
Lja|Lj1g3v3446330.1	AT1G10390.1	47.83	69	17	4	17	69	71	136	0.005	38.5
Lja|Lj1g3v3446330.1	AT1G10390.1	37.50	112	30	7	2	77	94	201	0.52	32.3
Lja|Lj1g3v3446330.1	AT4G37130.1	51.79	56	16	5	2	48	420	473	0.039	35.4
Lja|Lj1g3v3446330.1	AT1G59660.1	44.87	78	29	6	1	69	66	138	1.2	31.2
Lja|Lj1g3v3446330.1	AT1G59660.1	38.89	90	20	6	19	78	150	234	4.1	29.3
Lja|Lj1g3v3446330.1	AT3G10760.1	38.46	52	29	2	15	66	247	295	1.3	30.8
Lja|Lj1g3v3446330.1	AT5G08520.1	50.00	24	12	0	10	33	235	258	1.5	30.4
Lja|Lj1g3v3446330.1	AT5G64270.1	28.57	98	42	4	17	90	310	403	1.6	30.8
Lja|Lj1g3v3446330.1	AT3G32904.1	39.22	51	25	2	10	55	281	330	1.7	30.4
Lja|Lj1g3v3446330.1	AT4G20870.1	31.03	58	37	2	115	169	179	236	4.3	28.9
Lja|Lj1g3v3446330.1	AT3G44350.2	28.75	80	49	2	251	326	155	230	5.5	28.5
Lja|Lj1g3v3446330.1	AT2G35330.1	29.41	51	35	1	184	234	534	583	7.7	28.5
Lja|Lj1g3v3446330.1	AT5G27870.1	37.50	40	22	1	6	42	639	678	9.1	28.1
Amt|evm_27.model.AmTr_v1.0_scaffold00013.188	AT1G24310.1	56.53	375	114	6	1	328	1	373	1e-141	409
Amt|evm_27.model.AmTr_v1.0_scaffold00013.188	AT1G10390.1	50.00	56	20	3	2	57	146	193	0.010	37.4
Amt|evm_27.model.AmTr_v1.0_scaffold00013.188	AT1G10390.1	40.32	62	25	3	2	57	244	299	0.64	31.6
Amt|evm_27.model.AmTr_v1.0_scaffold00013.188	AT1G10390.1	48.98	49	17	3	20	63	75	120	8.8	28.1
Amt|evm_27.model.AmTr_v1.0_scaffold00013.188	AT1G59660.1	44.00	50	21	2	3	49	187	232	0.99	31.2
Amt|evm_27.model.AmTr_v1.0_scaffold00013.188	AT1G59660.1	40.32	62	24	3	8	56	133	194	7.2	28.5
Amt|evm_27.model.AmTr_v1.0_scaffold00013.188	AT5G25180.1	19.38	160	109	5	174	316	201	357	2.8	29.6
Amt|evm_27.model.AmTr_v1.0_scaffold00013.188	AT1G33680.1	41.94	31	17	1	7	36	588	618	6.5	28.5
Amt|evm_27.model.AmTr_v1.0_scaffold00013.188	AT3G07780.1	38.71	31	19	0	302	332	386	416	6.8	28.5
Amt|evm_27.model.AmTr_v1.0_scaffold00013.188	AT1G65580.1	26.39	72	50	1	264	332	894	965	8.0	28.1
Amt|evm_27.model.AmTr_v1.0_scaffold00013.188	AT3G21180.1	30.77	52	34	1	108	157	712	763	8.2	28.1
Amt|evm_27.model.AmTr_v1.0_scaffold00013.188	AT3G50590.1	43.24	37	18	1	38	71	1217	1253	9.7	28.1
Mtr|Medtr3g085590.1	AT1G24310.1	67.38	374	107	4	10	371	1	371	1e-162	465
Mtr|Medtr3g085590.1	AT1G10390.1	71.74	46	8	3	17	59	238	281	8e-006	47.8
Mtr|Medtr3g085590.1	AT1G10390.1	65.22	46	11	3	13	55	144	187	1e-004	43.9
Mtr|Medtr3g085590.1	AT1G10390.1	60.42	48	8	3	17	55	134	179	0.003	39.7
Mtr|Medtr3g085590.1	AT1G10390.1	43.59	117	37	9	2	99	47	153	0.004	39.3
Mtr|Medtr3g085590.1	AT1G10390.1	38.96	77	23	4	2	55	170	245	0.44	32.3
Mtr|Medtr3g085590.1	AT1G10390.1	41.38	58	22	1	7	52	455	512	5.5	28.9
Mtr|Medtr3g085590.1	AT1G59660.1	51.43	70	19	5	4	59	157	225	0.003	39.7
Mtr|Medtr3g085590.1	AT1G59660.1	49.33	75	15	5	4	55	91	165	0.009	38.1
Mtr|Medtr3g085590.1	AT1G59660.1	41.88	117	38	9	2	99	50	155	0.012	37.7
Mtr|Medtr3g085590.1	AT1G59660.1	48.57	70	5	5	17	55	136	205	0.051	35.4
Mtr|Medtr3g085590.1	AT1G59660.1	44.12	68	21	4	4	59	213	275	4.8	29.3
Mtr|Medtr3g085590.1	AT4G37130.1	44.64	56	27	2	9	61	419	473	0.053	35.4
Mtr|Medtr3g085590.1	AT3G32904.1	40.00	45	20	2	11	51	277	318	0.16	33.5
Mtr|Medtr3g085590.1	AT1G59720.1	29.35	92	47	3	254	327	383	474	0.22	33.5
Mtr|Medtr3g085590.1	AT5G15920.1	30.77	130	69	4	243	369	759	870	0.61	32.0
Mtr|Medtr3g085590.1	AT3G10650.1	43.64	55	24	3	3	53	1122	1173	0.65	32.0
Mtr|Medtr3g085590.1	AT1G66000.1	33.93	56	28	2	317	369	218	267	2.4	29.6
Mtr|Medtr3g085590.1	AT2G35330.1	30.43	69	46	2	202	270	534	600	3.9	29.3
Mtr|Medtr3g085590.1	AT2G45000.1	55.32	47	14	3	11	56	426	466	4.7	29.3
Mtr|Medtr3g085590.1	AT4G06583.2	52.00	25	12	0	241	265	66	90	5.7	27.3
Mtr|Medtr3g085590.1	AT1G08600.3	27.38	84	59	1	279	360	180	263	6.0	28.9
Mtr|Medtr3g085590.1	AT2G45980.1	22.41	58	45	0	95	152	4	61	9.9	27.7
Araip|XP_016191101.1	AT1G24310.1	68.45	374	104	3	18	381	2	371	1e-173	493
Araip|XP_016191101.1	AT3G32904.1	34.48	58	38	0	2	59	270	327	1e-005	46.2
Araip|XP_016191101.1	AT3G32904.1	34.09	44	29	0	9	52	286	329	0.008	37.7
Araip|XP_016191101.1	AT1G10390.1	48.62	109	34	11	2	105	252	343	2e-004	43.5
Araip|XP_016191101.1	AT1G10390.1	50.00	88	15	7	2	63	79	163	6e-004	42.0
Araip|XP_016191101.1	AT1G10390.1	50.00	80	18	6	2	63	186	261	0.002	40.4
Araip|XP_016191101.1	AT1G10390.1	52.05	73	17	7	2	59	146	215	0.006	38.5
Araip|XP_016191101.1	AT1G10390.1	42.39	92	33	6	6	96	53	125	2.5	30.0
Araip|XP_016191101.1	AT1G59660.1	50.00	68	23	5	4	64	143	206	0.005	38.9
Araip|XP_016191101.1	AT1G59660.1	54.05	74	16	7	2	63	196	263	0.006	38.5
Araip|XP_016191101.1	AT1G59660.1	43.27	104	19	8	2	69	76	175	0.036	36.2
Araip|XP_016191101.1	AT1G59660.1	38.26	115	43	7	9	103	44	150	0.48	32.3
Araip|XP_016191101.1	AT3G30520.1	33.33	96	50	4	18	109	295	380	0.015	37.0
Araip|XP_016191101.1	AT4G37130.1	43.33	90	36	6	3	83	427	510	0.17	33.9
Araip|XP_016191101.1	AT4G37130.1	38.64	88	39	4	31	106	394	478	7.7	28.5
Araip|XP_016191101.1	AT3G42870.1	34.12	85	53	3	45	127	219	302	0.25	33.1
Araip|XP_016191101.1	AT4G16745.2	31.94	72	48	1	232	303	494	564	0.31	32.7
Araip|XP_016191101.1	AT1G59750.1	38.89	36	22	0	38	73	402	437	2.0	30.4
Araip|XP_016191101.1	AT3G10650.1	44.59	74	22	6	3	65	1122	1187	3.0	30.0
Araip|XP_016191101.1	AT3G44350.2	30.00	80	48	2	279	354	155	230	3.1	29.3
Araip|XP_016191101.1	AT1G17730.1	39.53	43	24	2	72	114	142	182	3.6	28.9
Araip|XP_016191101.1	AT1G73030.1	39.53	43	24	2	72	114	142	182	4.2	28.9
Araip|XP_016191101.1	AT4G03410.2	37.10	62	38	1	247	307	27	88	5.0	28.9
Araip|XP_016191101.1	AT5G15920.1	27.52	149	82	5	239	379	740	870	5.5	28.9
Araip|XP_016191101.1	AT1G71450.1	28.07	57	41	0	125	181	125	181	6.3	28.1
Araip|XP_016191101.1	AT1G30750.1	31.00	100	48	4	16	95	50	148	8.6	27.7
Araip|XP_016191101.1	AT2G43160.3	33.33	102	42	5	52	127	440	541	9.5	28.1
Pvu|Phvul.001G260500.1	AT1G24310.1	71.16	371	100	3	12	376	2	371	2e-170	485
Pvu|Phvul.001G260500.1	AT1G10390.1	51.92	104	38	7	17	117	232	326	2e-009	59.3
Pvu|Phvul.001G260500.1	AT1G10390.1	56.06	66	18	6	2	64	140	197	4e-006	48.9
Pvu|Phvul.001G260500.1	AT1G10390.1	47.06	102	42	7	3	97	115	211	6e-005	45.1
Pvu|Phvul.001G260500.1	AT1G10390.1	33.05	118	44	4	10	120	45	134	0.068	35.0
Pvu|Phvul.001G260500.1	AT1G10390.1	40.34	119	49	7	4	108	48	158	0.091	34.7
Pvu|Phvul.001G260500.1	AT1G10390.1	41.84	98	10	6	13	66	240	334	0.13	34.3
Pvu|Phvul.001G260500.1	AT1G10390.1	44.12	102	36	6	10	97	469	563	0.85	31.6
Pvu|Phvul.001G260500.1	AT1G59660.1	67.31	52	11	4	16	64	191	239	6e-006	48.1
Pvu|Phvul.001G260500.1	AT1G59660.1	47.83	92	19	6	2	64	116	207	2e-005	46.2
Pvu|Phvul.001G260500.1	AT1G59660.1	49.44	89	12	7	2	64	142	223	3e-005	45.8
Pvu|Phvul.001G260500.1	AT1G59660.1	43.24	74	30	2	16	78	62	134	0.043	35.8
Pvu|Phvul.001G260500.1	AT1G59660.1	38.94	113	43	7	10	120	48	136	0.049	35.4
Pvu|Phvul.001G260500.1	AT3G32904.1	38.30	47	24	1	12	58	277	318	0.009	37.4
Pvu|Phvul.001G260500.1	AT3G32904.1	28.57	49	31	1	7	51	281	329	2.2	30.0
Pvu|Phvul.001G260500.1	AT3G32904.1	34.55	55	30	2	21	74	277	326	8.5	28.1
Pvu|Phvul.001G260500.1	AT4G37130.1	43.04	79	31	6	11	76	408	485	0.17	33.5
Pvu|Phvul.001G260500.1	AT4G37130.1	42.11	76	21	5	7	63	428	499	8.4	28.1
Pvu|Phvul.001G260500.1	AT2G45000.1	41.54	65	33	2	28	87	424	488	0.46	32.3
Pvu|Phvul.001G260500.1	AT3G44350.2	30.00	80	48	2	274	349	155	230	1.3	30.4
Pvu|Phvul.001G260500.1	AT4G05150.1	41.86	43	23	1	9	51	276	316	1.4	30.8
Pvu|Phvul.001G260500.1	AT5G25757.1	37.50	32	20	0	16	47	358	389	2.6	30.0
Pvu|Phvul.001G260500.1	AT5G25754.1	37.50	32	20	0	16	47	358	389	2.6	30.0
Pvu|Phvul.001G260500.1	AT2G42510.2	32.69	52	27	2	302	350	192	238	2.6	30.0
Pvu|Phvul.001G260500.1	AT5G53930.1	31.67	60	37	3	308	363	239	298	4.6	29.3
Pvu|Phvul.001G260500.1	AT3G30520.1	29.25	106	55	4	4	106	287	375	8.8	28.1
Lup|Lup018300.1	AT1G24310.1	67.74	372	103	4	56	412	2	371	4e-167	478
Lup|Lup018300.1	AT1G24310.1	65.85	41	7	1	1	34	1	41	2e-006	49.7
Lup|Lup018300.1	AT1G10390.1	52.41	145	53	12	2	141	210	343	8e-011	63.9
Lup|Lup018300.1	AT1G10390.1	41.71	199	56	15	6	153	137	326	4e-009	58.5
Lup|Lup018300.1	AT1G10390.1	41.96	112	22	8	29	101	56	163	0.003	39.7
Lup|Lup018300.1	AT1G10390.1	40.98	183	64	13	2	149	471	644	0.25	33.5
Lup|Lup018300.1	AT1G59660.1	50.77	130	29	11	8	107	115	239	2e-009	59.3
Lup|Lup018300.1	AT1G59660.1	45.80	131	30	10	6	101	139	263	1e-006	50.8
Lup|Lup018300.1	AT1G59660.1	41.30	138	36	11	11	112	50	178	0.063	35.4
Lup|Lup018300.1	AT1G59660.1	39.19	148	63	9	1	131	1	138	0.31	33.1
Lup|Lup018300.1	AT3G32904.1	35.85	53	34	0	29	81	277	329	1e-005	46.6
Lup|Lup018300.1	AT3G32904.1	35.85	53	34	0	20	72	277	329	1e-005	46.6
Lup|Lup018300.1	AT3G32904.1	37.25	51	32	0	47	97	277	327	4e-005	45.1
Lup|Lup018300.1	AT3G32904.1	33.96	53	35	0	11	63	277	329	5e-005	44.7
Lup|Lup018300.1	AT3G32904.1	33.96	53	35	0	38	90	277	329	6e-005	44.3
Lup|Lup018300.1	AT1G59750.1	26.47	102	55	2	76	162	402	498	0.14	34.3
Lup|Lup018300.1	AT1G31250.1	36.36	88	48	4	17	104	75	154	0.21	32.7
Lup|Lup018300.1	AT5G27110.1	25.71	105	60	4	140	230	571	671	0.31	33.1
Lup|Lup018300.1	AT5G27870.1	36.89	103	41	7	3	81	575	677	0.47	32.7
Lup|Lup018300.1	AT5G27870.1	35.29	85	31	7	13	73	594	678	9.3	28.5
Lup|Lup018300.1	AT5G48000.1	28.33	60	40	2	114	171	350	408	0.53	32.3
Lup|Lup018300.1	AT3G26280.1	28.00	50	36	0	88	137	172	221	1.2	31.2
Lup|Lup018300.1	AT2G46020.2	27.78	144	72	6	3	127	338	468	1.4	31.2
Lup|Lup018300.1	AT4G37130.1	36.52	115	49	7	18	113	370	479	1.9	30.4
Lup|Lup018300.1	AT4G16745.2	36.00	50	32	0	263	312	494	543	2.7	30.0
Lup|Lup018300.1	AT4G10840.1	35.71	56	33	2	49	102	12	66	2.7	30.0
Lup|Lup018300.1	AT1G58210.1	35.94	64	38	2	74	136	1174	1235	3.0	30.0
Lup|Lup018300.1	AT2G02910.1	30.30	66	44	1	332	395	180	245	3.5	29.6
Lup|Lup018300.1	AT2G45000.1	47.69	65	26	4	63	122	424	485	5.3	29.3
Lup|Lup018300.1	AT3G10340.1	27.27	110	65	5	150	246	537	644	7.7	28.5
Lup|Lup018300.1	AT1G30750.1	34.51	113	49	5	27	126	50	150	9.4	27.7
Lup|Lup018300.1	AT1G79280.2	27.27	77	45	2	70	144	1662	1729	9.4	28.5
Ath|AT1G24310.1	AT1G24310.1	100.00	378	0	0	1	378	1	378	0.0	759
Ath|AT1G24310.1	AT1G10390.1	60.00	60	12	5	3	52	240	297	0.002	39.7
Ath|AT1G24310.1	AT1G10390.1	39.22	102	41	7	1	96	63	149	0.049	35.4
Ath|AT1G24310.1	AT1G10390.1	51.61	62	14	5	2	48	154	214	0.057	35.4
Ath|AT1G24310.1	AT1G10390.1	59.38	32	11	2	16	46	232	262	1.0	31.2
Ath|AT1G24310.1	AT1G10390.1	47.73	44	14	2	10	46	139	180	3.8	29.6
Ath|AT1G24310.1	AT1G59660.1	54.55	44	17	3	6	48	199	240	0.080	35.0
Ath|AT1G24310.1	AT1G59660.1	41.67	72	33	3	1	66	66	134	0.64	32.0
Ath|AT1G24310.1	AT1G59660.1	42.11	57	16	3	6	46	151	206	1.3	30.8
Ath|AT1G24310.1	AT1G59660.1	45.71	70	15	5	1	52	219	283	1.5	30.8
Ath|AT1G24310.1	AT3G32904.1	36.96	46	21	2	2	46	277	315	0.78	31.2
Ath|AT1G24310.1	AT2G45980.1	25.42	59	44	0	94	152	3	61	1.3	30.4
Ath|AT1G24310.1	AT2G36190.1	32.26	62	31	3	134	193	59	111	1.7	30.4
Ath|AT1G24310.1	AT3G49650.1	28.57	56	39	1	13	68	713	767	5.8	28.9
Ath|AT1G24310.1	AT2G01600.1	33.75	80	38	4	34	99	469	547	6.8	28.5
Ath|AT1G24310.1	AT5G21170.2	29.79	47	30	1	74	120	66	109	8.8	28.1
Ath|AT1G24310.1	AT2G16485.1	32.26	93	53	4	4	92	1531	1617	9.2	28.5
Ath|AT1G24310.1	AT5G09820.2	23.36	107	66	3	279	369	89	195	9.8	27.7
Gma|Glyma.18G008100.1	AT1G24310.1	70.81	370	100	3	21	382	2	371	2e-170	485
Gma|Glyma.18G008100.1	AT1G10390.1	69.81	53	9	5	16	65	239	287	5e-006	48.5
Gma|Glyma.18G008100.1	AT1G10390.1	39.50	119	53	6	8	111	43	157	1e-005	47.4
Gma|Glyma.18G008100.1	AT1G10390.1	55.13	78	17	7	3	65	115	189	2e-005	46.2
Gma|Glyma.18G008100.1	AT1G10390.1	60.87	69	14	6	8	70	255	316	7e-004	41.6
Gma|Glyma.18G008100.1	AT1G10390.1	42.74	117	40	9	5	110	96	196	0.008	38.1
Gma|Glyma.18G008100.1	AT1G10390.1	37.82	119	45	5	9	106	468	578	0.049	35.8
Gma|Glyma.18G008100.1	AT1G59660.1	48.94	94	16	7	2	65	116	207	4e-005	45.4
Gma|Glyma.18G008100.1	AT1G59660.1	58.62	58	15	4	8	65	191	239	0.001	40.4
Gma|Glyma.18G008100.1	AT1G59660.1	36.13	119	54	7	8	110	46	158	0.50	32.3
Gma|Glyma.18G008100.1	AT1G59660.1	44.30	79	19	7	8	65	199	273	1.4	30.8
Gma|Glyma.18G008100.1	AT1G59660.1	42.31	78	14	5	16	65	215	289	6.2	28.9
Gma|Glyma.18G008100.1	AT3G32904.1	32.08	53	32	1	12	60	277	329	0.008	37.7
Gma|Glyma.18G008100.1	AT3G32904.1	38.18	55	29	1	21	75	277	326	0.009	37.7
Gma|Glyma.18G008100.1	AT3G32904.1	32.65	49	29	1	7	51	281	329	0.080	34.7
Gma|Glyma.18G008100.1	AT4G37130.1	42.68	82	33	5	7	76	428	507	0.28	33.1
Gma|Glyma.18G008100.1	AT4G37130.1	41.25	80	31	5	8	74	394	470	1.5	30.8
Gma|Glyma.18G008100.1	AT3G30520.1	28.16	103	56	3	4	106	287	371	0.39	32.3
Gma|Glyma.18G008100.1	AT4G32640.1	43.28	67	32	3	2	64	109	173	0.70	32.0
Gma|Glyma.18G008100.1	AT2G45000.1	45.76	59	31	1	19	76	424	482	1.6	30.8
Gma|Glyma.18G008100.1	AT5G56510.1	35.42	48	25	2	7	52	51	94	1.9	30.4
Gma|Glyma.18G008100.1	AT2G29200.1	34.62	52	28	3	21	72	529	574	1.9	30.4
Gma|Glyma.18G008100.1	AT3G44350.2	30.00	80	48	2	280	355	155	230	2.2	29.6
Gma|Glyma.18G008100.1	AT4G10840.1	39.58	48	29	0	5	52	22	69	3.2	29.6
Gma|Glyma.18G008100.1	AT5G64270.1	31.18	93	52	5	3	86	265	354	3.3	29.6
Gma|Glyma.18G008100.1	AT2G29140.1	34.62	52	28	3	21	72	525	570	3.3	29.6
Gma|Glyma.18G008100.1	AT2G02910.1	30.30	66	44	1	302	365	180	245	4.1	29.3
Gma|Glyma.18G008100.1	AT2G42510.2	30.77	52	28	2	308	356	192	238	6.7	28.9
Gma|Glyma.18G008100.1	AT1G31250.1	40.74	54	28	3	11	61	66	118	6.7	28.1
Gma|Glyma.18G008100.1	AT4G16340.1	28.00	100	64	3	5	96	97	196	8.0	28.5
Gma|Glyma.18G008100.1	AT1G33680.1	28.71	101	53	3	18	101	581	679	8.1	28.5
Gma|Glyma.18G008100.1	AT4G16745.2	36.54	52	29	2	233	282	494	543	8.1	28.5
Gma|Glyma.18G008100.1	AT2G43800.1	32.43	37	25	0	71	107	203	239	9.7	28.1
Gma|Glyma.11G249200.1	AT1G24310.1	64.97	374	103	6	1	348	1	372	2e-156	448
Gma|Glyma.11G249200.1	AT1G10390.1	36.63	101	43	5	1	81	63	162	0.044	35.4
Gma|Glyma.11G249200.1	AT1G10390.1	40.23	87	33	6	13	88	248	326	7.3	28.5
Gma|Glyma.11G249200.1	AT2G45980.1	23.73	59	45	0	76	134	9	67	2.7	29.3
Gma|Glyma.11G249200.1	AT2G02910.1	32.86	70	42	2	267	331	180	249	2.8	29.6
Cca|KYP75691.1	AT1G24310.1	69.79	374	107	2	11	378	2	375	6e-174	493
Cca|KYP75691.1	AT1G10390.1	50.00	114	24	8	16	115	232	326	7e-009	57.4
Cca|KYP75691.1	AT1G10390.1	55.00	80	12	7	2	63	140	213	2e-006	49.7
Cca|KYP75691.1	AT1G10390.1	50.54	93	21	6	12	82	240	329	3e-005	45.8
Cca|KYP75691.1	AT1G10390.1	42.37	118	28	8	2	99	94	191	6e-005	45.1
Cca|KYP75691.1	AT1G10390.1	44.55	110	31	9	2	95	41	136	0.013	37.4
Cca|KYP75691.1	AT1G10390.1	48.00	75	12	5	15	65	263	334	0.078	35.0
Cca|KYP75691.1	AT1G10390.1	38.46	117	37	5	8	102	468	571	0.19	33.9
Cca|KYP75691.1	AT1G59660.1	69.23	52	10	4	15	63	191	239	2e-006	49.7
Cca|KYP75691.1	AT1G59660.1	52.27	88	10	7	2	63	142	223	4e-006	48.5
Cca|KYP75691.1	AT1G59660.1	43.68	87	36	3	2	77	50	134	0.004	38.9
Cca|KYP75691.1	AT1G59660.1	40.71	113	42	7	8	118	47	136	0.007	38.1
Cca|KYP75691.1	AT1G59660.1	44.00	100	21	7	1	68	66	162	0.012	37.4
Cca|KYP75691.1	AT3G32904.1	38.30	47	24	1	11	57	277	318	0.008	37.7
Cca|KYP75691.1	AT3G32904.1	30.61	49	29	2	7	50	281	329	1.8	30.0
Cca|KYP75691.1	AT3G32904.1	34.55	55	30	2	20	73	277	326	7.9	28.1
Cca|KYP75691.1	AT4G37130.1	43.37	83	33	6	6	75	404	485	0.040	35.8
Cca|KYP75691.1	AT4G37130.1	43.59	78	33	5	8	74	430	507	9.1	28.1
Cca|KYP75691.1	AT1G70160.1	34.29	70	43	2	152	219	354	422	0.074	34.7
Cca|KYP75691.1	AT2G45980.1	25.42	59	44	0	97	155	3	61	0.62	31.6
Cca|KYP75691.1	AT3G44350.2	30.00	80	48	2	272	347	155	230	1.7	30.0
Cca|KYP75691.1	AT5G25757.1	37.50	32	20	0	15	46	358	389	2.8	29.6
Cca|KYP75691.1	AT5G25754.1	37.50	32	20	0	15	46	358	389	2.8	29.6
Cca|KYP75691.1	AT3G61830.1	30.59	85	58	1	27	111	355	438	3.9	29.3
Cca|KYP75691.1	AT2G16090.1	26.92	78	54	2	60	135	420	496	4.3	29.3
Cca|KYP75691.1	AT4G00955.1	26.79	56	41	0	62	117	83	138	4.6	28.9
Cca|KYP75691.1	AT2G36680.1	45.45	33	18	0	48	80	15	47	4.9	28.5
Cca|KYP75691.1	AT3G10650.1	44.90	49	18	3	24	63	1132	1180	4.9	29.3
Cca|KYP75691.1	AT5G15920.1	31.54	130	68	5	246	372	759	870	6.5	28.9
Cca|KYP75691.1	AT4G10840.1	37.50	56	30	2	13	63	12	67	7.5	28.5
Cca|KYP75691.1	AT4G05150.1	40.48	42	23	1	9	50	277	316	7.7	28.5
Cca|KYP75691.1	AT2G35330.1	29.41	51	35	1	205	255	534	583	7.8	28.5
Cca|KYP75691.1	AT1G54220.1	36.36	66	35	3	22	81	200	264	9.2	28.1
Cca|KYP75691.1	AT1G59750.1	25.00	104	56	2	36	124	402	498	9.4	28.1
Cca|KYP75691.1	AT2G42370.1	27.66	47	34	0	94	140	483	529	9.7	28.1
Cpa|evm.model.supercontig_43.12	AT1G24310.1	70.25	400	88	5	1	396	1	373	7e-172	489
Cpa|evm.model.supercontig_43.12	AT1G10390.1	61.82	55	13	4	6	55	246	297	1e-004	43.9
Cpa|evm.model.supercontig_43.12	AT1G10390.1	54.35	46	18	3	6	51	172	214	0.014	37.4
Cpa|evm.model.supercontig_43.12	AT1G10390.1	43.18	88	12	6	6	57	254	339	0.11	34.7
Cpa|evm.model.supercontig_43.12	AT1G10390.1	34.23	111	37	6	12	118	56	134	0.36	32.7
Cpa|evm.model.supercontig_43.12	AT1G10390.1	41.76	91	40	6	8	95	131	211	0.37	32.7
Cpa|evm.model.supercontig_43.12	AT1G10390.1	36.84	114	48	7	1	95	55	163	0.61	32.3
Cpa|evm.model.supercontig_43.12	AT1G59660.1	56.52	46	17	3	6	51	198	240	0.008	38.1
Cpa|evm.model.supercontig_43.12	AT1G59660.1	52.83	53	19	4	6	55	174	223	0.039	36.2
Cpa|evm.model.supercontig_43.12	AT1G59660.1	34.75	118	51	5	2	95	50	165	0.62	32.0
Cpa|evm.model.supercontig_43.12	AT1G59660.1	54.90	51	12	5	8	55	133	175	1.3	31.2
Cpa|evm.model.supercontig_43.12	AT1G59660.1	39.34	61	31	2	35	95	491	545	8.0	28.5
Cpa|evm.model.supercontig_43.12	AT3G32904.1	42.42	33	19	0	12	44	277	309	0.080	34.7
Cpa|evm.model.supercontig_43.12	AT3G32904.1	29.79	47	32	1	4	49	278	324	1.1	30.8
Cpa|evm.model.supercontig_43.12	AT2G45980.1	24.53	53	40	0	103	155	9	61	0.84	31.2
Cpa|evm.model.supercontig_43.12	AT3G30520.1	27.55	98	49	3	12	104	295	375	1.9	30.4
Cpa|evm.model.supercontig_43.12	AT1G58210.1	27.47	91	49	3	19	109	1172	1245	2.3	30.4
Cpa|evm.model.supercontig_43.12	AT3G44350.2	31.25	80	47	2	292	367	155	230	2.5	29.6
Cpa|evm.model.supercontig_43.12	AT4G30130.1	28.00	125	69	6	204	315	524	640	2.8	30.0
Cpa|evm.model.supercontig_43.12	AT2G16790.1	30.43	69	22	3	200	264	43	89	3.0	29.3
Cpa|evm.model.supercontig_43.12	AT3G10760.1	35.21	71	26	4	12	77	247	302	3.3	29.6
Cpa|evm.model.supercontig_43.12	AT1G05020.1	38.78	49	29	1	24	72	591	638	5.1	29.3
Cpa|evm.model.supercontig_43.12	AT4G00700.1	31.33	83	51	4	24	105	133	210	5.6	28.9
Cpa|evm.model.supercontig_43.12	AT2G31250.1	29.87	77	51	2	282	358	276	349	7.6	28.5
Osa|LOC_Os07g19494.1	AT1G24310.1	53.62	401	154	3	1	393	1	377	3e-144	419
Osa|LOC_Os07g19494.1	AT1G10390.1	54.14	133	46	11	7	135	232	353	4e-011	64.7
Osa|LOC_Os07g19494.1	AT1G10390.1	58.25	103	29	11	2	99	116	209	5e-010	61.2
Osa|LOC_Os07g19494.1	AT1G10390.1	46.72	137	41	12	1	117	1	125	9e-004	41.2
Osa|LOC_Os07g19494.1	AT1G59660.1	57.95	88	28	9	6	93	159	237	1e-007	53.9
Osa|LOC_Os07g19494.1	AT1G59660.1	39.49	157	32	10	1	98	66	218	8e-006	47.8
Osa|LOC_Os07g19494.1	AT1G59660.1	45.83	96	28	8	6	84	199	287	0.002	40.0
Osa|LOC_Os07g19494.1	AT1G59660.1	38.81	134	58	10	1	117	1	127	0.22	33.5
Osa|LOC_Os07g19494.1	AT1G59660.1	41.00	100	49	7	11	110	44	133	0.29	33.1
Osa|LOC_Os07g19494.1	AT3G32904.1	41.51	53	31	0	11	63	277	329	3e-006	48.5
Osa|LOC_Os07g19494.1	AT3G32904.1	35.85	53	34	0	29	81	277	329	7e-005	44.3
Osa|LOC_Os07g19494.1	AT3G32904.1	35.85	53	34	0	38	90	277	329	1e-004	43.5
Osa|LOC_Os07g19494.1	AT3G32904.1	35.85	53	34	0	20	72	277	329	2e-004	42.7
Osa|LOC_Os07g19494.1	AT3G32904.1	33.96	53	35	0	2	54	277	329	2e-004	42.7
Osa|LOC_Os07g19494.1	AT3G32904.1	40.48	42	25	0	56	97	277	318	7e-004	41.2
Osa|LOC_Os07g19494.1	AT3G32904.1	31.37	51	35	0	47	97	277	327	0.010	37.4
Osa|LOC_Os07g19494.1	AT1G31250.1	35.19	108	53	6	17	116	64	162	0.19	32.7
Osa|LOC_Os07g19494.1	AT1G31250.1	32.10	81	45	3	8	82	75	151	2.0	29.6
Osa|LOC_Os07g19494.1	AT1G09770.1	31.75	126	67	6	3	116	329	447	0.48	32.3
Osa|LOC_Os07g19494.1	AT4G14760.1	32.10	81	48	3	227	302	1554	1632	0.49	32.7
Osa|LOC_Os07g19494.1	AT4G37130.1	43.33	90	27	9	1	76	420	499	0.74	31.6
Osa|LOC_Os07g19494.1	AT1G30750.1	35.05	97	47	5	4	87	59	152	1.1	30.8
Osa|LOC_Os07g19494.1	AT5G48600.2	28.44	109	66	5	189	296	330	427	1.4	31.2
Osa|LOC_Os07g19494.1	AT3G10760.1	39.58	48	27	2	18	65	236	281	1.6	30.4
Osa|LOC_Os07g19494.1	AT3G10760.1	40.54	37	20	2	11	47	247	281	6.4	28.5
Osa|LOC_Os07g19494.1	AT3G04520.1	34.62	52	33	1	290	340	112	163	1.7	30.4
Osa|LOC_Os07g19494.1	AT2G46020.2	25.93	108	76	1	4	107	361	468	1.9	30.8
Osa|LOC_Os07g19494.1	AT2G46020.2	28.81	59	42	0	22	80	352	410	4.9	29.3
Osa|LOC_Os07g19494.1	AT1G33680.1	22.56	164	81	5	9	134	576	731	2.6	30.0
Osa|LOC_Os07g19494.1	AT5G24970.2	28.87	97	55	2	166	248	643	739	3.3	29.6
Osa|LOC_Os07g19494.1	AT5G10970.1	33.33	66	33	3	78	137	140	200	4.0	29.3
Osa|LOC_Os07g19494.1	AT5G27870.1	36.63	101	37	8	15	91	581	678	4.3	29.3
Osa|LOC_Os07g19494.1	AT5G27870.1	40.00	55	23	3	5	55	630	678	5.6	28.9
Osa|LOC_Os07g19494.1	AT3G59500.1	32.20	59	35	2	108	164	15	70	4.5	28.9
Osa|LOC_Os07g19494.1	AT4G32640.1	41.67	84	36	5	39	121	120	191	4.9	29.3
Osa|LOC_Os07g19494.1	AT3G36659.1	29.17	48	34	0	190	237	177	224	7.2	28.5
Osa|LOC_Os07g19494.1	AT4G25350.1	32.35	34	23	0	228	261	224	257	7.3	28.5
Osa|LOC_Os07g19494.1	AT4G36780.1	27.87	61	44	0	131	191	168	228	8.2	28.1
Vrad|XP_014493227.1	AT1G24310.1	69.81	371	105	3	21	385	2	371	2e-170	485
Vrad|XP_014493227.1	AT1G10390.1	53.15	111	35	8	17	126	232	326	2e-010	62.4
Vrad|XP_014493227.1	AT1G10390.1	57.89	76	18	6	8	73	142	213	8e-009	57.4
Vrad|XP_014493227.1	AT1G10390.1	50.56	89	12	7	13	73	248	332	9e-004	41.2
Vrad|XP_014493227.1	AT1G10390.1	39.37	127	53	8	9	117	38	158	0.001	40.8
Vrad|XP_014493227.1	AT1G10390.1	44.64	112	22	10	1	78	63	168	0.005	38.9
Vrad|XP_014493227.1	AT1G10390.1	37.50	160	43	10	1	129	1	134	0.019	37.0
Vrad|XP_014493227.1	AT1G10390.1	37.76	98	27	3	9	87	468	550	0.65	32.0
Vrad|XP_014493227.1	AT1G59660.1	50.47	107	19	8	2	78	116	218	8e-008	54.3
Vrad|XP_014493227.1	AT1G59660.1	65.52	58	11	4	16	73	191	239	3e-007	52.8
Vrad|XP_014493227.1	AT1G59660.1	46.94	98	37	7	11	106	43	127	7e-004	41.6
Vrad|XP_014493227.1	AT1G59660.1	49.02	102	23	9	1	78	66	162	0.001	40.8
Vrad|XP_014493227.1	AT1G59660.1	43.93	107	44	7	1	106	58	149	0.37	32.7
Vrad|XP_014493227.1	AT1G59660.1	48.33	60	25	5	17	73	491	547	6.2	28.9
Vrad|XP_014493227.1	AT3G32904.1	32.08	53	32	1	12	60	277	329	0.009	37.4
Vrad|XP_014493227.1	AT3G32904.1	38.30	47	24	1	21	67	277	318	0.010	37.4
Vrad|XP_014493227.1	AT3G32904.1	32.65	49	29	1	7	51	281	329	0.081	34.7
Vrad|XP_014493227.1	AT3G32904.1	34.55	55	30	2	30	83	277	326	6.5	28.5
Vrad|XP_014493227.1	AT4G37130.1	39.24	79	32	5	8	73	394	469	0.26	33.1
Vrad|XP_014493227.1	AT3G44350.2	30.00	80	48	2	283	358	155	230	2.0	30.0
Vrad|XP_014493227.1	AT4G32640.1	40.26	77	38	4	2	74	109	181	2.5	30.0
Vrad|XP_014493227.1	AT2G42510.2	32.69	52	27	2	311	359	192	238	2.6	30.0
Vrad|XP_014493227.1	AT5G29070.1	29.41	68	46	2	97	163	124	190	2.8	29.6
Vrad|XP_014493227.1	AT5G25757.1	37.50	32	20	0	25	56	358	389	2.9	29.6
Vrad|XP_014493227.1	AT5G25754.1	37.50	32	20	0	25	56	358	389	2.9	29.6
Vrad|XP_014493227.1	AT4G10840.1	33.80	71	44	1	5	75	22	89	3.0	29.6
Vrad|XP_014493227.1	AT4G10840.1	33.80	71	39	2	5	73	3	67	8.2	28.5
Vrad|XP_014493227.1	AT3G19020.1	34.55	55	32	2	282	336	252	302	4.4	29.3
Vrad|XP_014493227.1	AT1G33680.1	31.33	83	43	2	41	114	581	658	5.1	29.3
Vrad|XP_014493227.1	AT3G10650.1	44.90	49	18	3	34	73	1132	1180	5.9	28.9
Vrad|XP_014493227.1	AT2G45980.1	24.53	53	40	0	114	166	9	61	6.5	28.5
Vrad|XP_014493227.1	AT4G28140.1	40.00	65	31	4	40	99	23	84	7.3	28.5
Vrad|XP_014493227.1	AT2G35330.1	33.93	56	26	3	216	266	534	583	8.2	28.5
Vrad|XP_014493227.1	AT1G54970.1	23.62	127	73	3	12	114	24	150	8.3	28.1
Vrad|XP_014493227.1	AT4G16745.2	38.00	50	31	0	236	285	494	543	8.9	28.1
Vang|KOM25463.1	AT1G24310.1	67.54	382	106	3	21	396	2	371	6e-167	477
Vang|KOM25463.1	AT1G10390.1	51.82	110	37	7	17	125	232	326	2e-010	62.8
Vang|KOM25463.1	AT1G10390.1	57.89	76	18	6	8	73	142	213	9e-009	57.4
Vang|KOM25463.1	AT1G10390.1	37.74	159	43	9	1	128	1	134	6e-004	42.0
Vang|KOM25463.1	AT1G10390.1	50.56	89	12	7	13	73	248	332	8e-004	41.2
Vang|KOM25463.1	AT1G10390.1	44.64	112	22	10	1	78	63	168	0.004	38.9
Vang|KOM25463.1	AT1G10390.1	37.76	98	27	3	9	87	468	550	0.70	32.0
Vang|KOM25463.1	AT1G59660.1	50.47	107	19	8	2	78	116	218	8e-008	54.3
Vang|KOM25463.1	AT1G59660.1	65.52	58	11	4	16	73	191	239	3e-007	52.8
Vang|KOM25463.1	AT1G59660.1	49.02	102	23	9	1	78	66	162	0.001	41.2
Vang|KOM25463.1	AT1G59660.1	46.39	97	38	7	11	105	43	127	0.004	39.3
Vang|KOM25463.1	AT1G59660.1	48.33	60	25	5	17	73	491	547	6.2	28.9
Vang|KOM25463.1	AT3G32904.1	32.08	53	32	1	12	60	277	329	0.009	37.7
Vang|KOM25463.1	AT3G32904.1	38.30	47	24	1	21	67	277	318	0.010	37.4
Vang|KOM25463.1	AT3G32904.1	32.65	49	29	1	7	51	281	329	0.079	34.7
Vang|KOM25463.1	AT3G32904.1	34.55	55	30	2	30	83	277	326	6.2	28.5
Vang|KOM25463.1	AT4G37130.1	39.24	79	32	5	8	73	394	469	0.24	33.1
Vang|KOM25463.1	AT5G29070.1	28.92	83	57	2	81	162	109	190	0.68	31.6
Vang|KOM25463.1	AT1G54970.1	26.36	110	71	3	12	113	24	131	1.4	30.8
Vang|KOM25463.1	AT3G44350.2	30.00	80	48	2	294	369	155	230	1.7	30.0
Vang|KOM25463.1	AT2G20020.1	26.13	111	65	4	3	105	76	177	1.9	30.4
Vang|KOM25463.1	AT4G10840.1	39.58	48	29	0	5	52	22	69	2.3	30.4
Vang|KOM25463.1	AT4G10840.1	33.80	71	39	2	5	73	3	67	6.7	28.9
Vang|KOM25463.1	AT2G42510.2	32.69	52	27	2	322	370	192	238	2.4	30.0
Vang|KOM25463.1	AT4G32640.1	40.26	77	38	4	2	74	109	181	2.5	30.0
Vang|KOM25463.1	AT5G25757.1	37.50	32	20	0	25	56	358	389	2.8	30.0
Vang|KOM25463.1	AT5G25754.1	37.50	32	20	0	25	56	358	389	2.8	30.0
Vang|KOM25463.1	AT3G19020.1	34.55	55	32	2	293	347	252	302	6.2	28.9
Vang|KOM25463.1	AT3G10650.1	44.90	49	18	3	34	73	1132	1180	6.4	28.9
Vang|KOM25463.1	AT2G45980.1	24.53	53	40	0	113	165	9	61	6.6	28.5
Vang|KOM25463.1	AT5G15920.1	29.29	99	62	2	237	330	723	818	8.0	28.5
Vang|KOM25463.1	AT5G67410.1	35.71	42	20	1	71	105	133	174	9.9	28.1
Vvi|GSVIVT01010442001	AT1G24310.1	77.27	264	60	0	1	264	114	377	6e-152	433
Vvi|GSVIVT01010442001	AT3G44350.2	37.29	59	33	1	173	231	176	230	0.38	31.6
Vvi|GSVIVT01010442001	AT5G48120.1	28.30	159	97	7	101	243	17	174	1.2	30.4
Vvi|GSVIVT01010442001	AT5G62090.1	28.42	95	65	2	148	242	551	642	1.5	30.0
Vvi|GSVIVT01010442001	AT1G05270.1	23.08	52	40	0	179	230	81	132	4.7	28.1
